(.venv) PS C:\Raghu\MyLearnings\ERA_V4\S7-27092025\cifar10_image_classication> python .\ExperimentCIFAR10.py
Files already downloaded and verified
Files already downloaded and verified
CUDA Available? True
cuda
----------------------------------------------------------------
        Layer (type)               Output Shape         Param #
================================================================
            Conv2d-1           [-1, 32, 32, 32]             864
       BatchNorm2d-2           [-1, 32, 32, 32]              64
              ReLU-3           [-1, 32, 32, 32]               0
           Dropout-4           [-1, 32, 32, 32]               0
            Conv2d-5           [-1, 64, 16, 16]          18,432
       BatchNorm2d-6           [-1, 64, 16, 16]             128
              ReLU-7           [-1, 64, 16, 16]               0
           Dropout-8           [-1, 64, 16, 16]               0
            Conv2d-9           [-1, 16, 16, 16]           1,024
      BatchNorm2d-10           [-1, 16, 16, 16]              32
             ReLU-11           [-1, 16, 16, 16]               0
          Dropout-12           [-1, 16, 16, 16]               0
           Conv2d-13           [-1, 32, 16, 16]           4,608
      BatchNorm2d-14           [-1, 32, 16, 16]              64
             ReLU-15           [-1, 32, 16, 16]               0
          Dropout-16           [-1, 32, 16, 16]               0
           Conv2d-17             [-1, 32, 8, 8]             288
      BatchNorm2d-18             [-1, 32, 8, 8]              64
             ReLU-19             [-1, 32, 8, 8]               0
           Conv2d-20             [-1, 64, 8, 8]           2,048
      BatchNorm2d-21             [-1, 64, 8, 8]             128
             ReLU-22             [-1, 64, 8, 8]               0
          Dropout-23             [-1, 64, 8, 8]               0
           Conv2d-24             [-1, 32, 8, 8]           2,048
      BatchNorm2d-25             [-1, 32, 8, 8]              64
             ReLU-26             [-1, 32, 8, 8]               0
          Dropout-27             [-1, 32, 8, 8]               0
           Conv2d-28             [-1, 64, 8, 8]          18,432
      BatchNorm2d-29             [-1, 64, 8, 8]             128
             ReLU-30             [-1, 64, 8, 8]               0
          Dropout-31             [-1, 64, 8, 8]               0
           Conv2d-32            [-1, 128, 8, 8]          73,728
      BatchNorm2d-33            [-1, 128, 8, 8]             256
             ReLU-34            [-1, 128, 8, 8]               0
          Dropout-35            [-1, 128, 8, 8]               0
           Conv2d-36             [-1, 32, 8, 8]           4,096
      BatchNorm2d-37             [-1, 32, 8, 8]              64
             ReLU-38             [-1, 32, 8, 8]               0
          Dropout-39             [-1, 32, 8, 8]               0
           Conv2d-40             [-1, 32, 8, 8]           9,216
      BatchNorm2d-41             [-1, 32, 8, 8]              64
             ReLU-42             [-1, 32, 8, 8]               0
          Dropout-43             [-1, 32, 8, 8]               0
           Conv2d-44             [-1, 64, 4, 4]          18,432
      BatchNorm2d-45             [-1, 64, 4, 4]             128
             ReLU-46             [-1, 64, 4, 4]               0
          Dropout-47             [-1, 64, 4, 4]               0
           Conv2d-48            [-1, 128, 4, 4]           8,192
      BatchNorm2d-49            [-1, 128, 4, 4]             256
             ReLU-50            [-1, 128, 4, 4]               0
          Dropout-51            [-1, 128, 4, 4]               0
AdaptiveAvgPool2d-52            [-1, 128, 1, 1]               0
           Linear-53                   [-1, 10]           1,290
================================================================
Total params: 164,138
Trainable params: 164,138
Non-trainable params: 0
----------------------------------------------------------------
Input size (MB): 0.01
Forward/backward pass size (MB): 2.70
Params size (MB): 0.63
Estimated Total Size (MB): 3.34
----------------------------------------------------------------
EPOCH: 1
03102025-1336
Epoch 1 Loss=1.7975 Batch_id=781 Accuracy=34.43: 100%|█████████████████████████████████████████████████████████████████████████████████████████████████████████████████████████████████████████████████████| 782/782 [00:38<00:00, 20.10it/s] 
03102025-1336

Test set: Average loss: 1.4721, Accuracy: 4593/10000 (45.93%)

Saved best model (acc=45.93%) to cifar10_best_model.pth
Validation Accuracy: 45.93% | Best Accuracy: 45.93%
-----------------------------------------------
EPOCH: 2
03102025-1336
Epoch 2 Loss=1.9787 Batch_id=781 Accuracy=46.61: 100%|█████████████████████████████████████████████████████████████████████████████████████████████████████████████████████████████████████████████████████| 782/782 [00:54<00:00, 14.45it/s] 
03102025-1337

Test set: Average loss: 1.2499, Accuracy: 5464/10000 (54.64%)

Saved best model (acc=54.64%) to cifar10_best_model.pth
Validation Accuracy: 54.64% | Best Accuracy: 54.64%
-----------------------------------------------
EPOCH: 3
03102025-1338
Epoch 3 Loss=1.6683 Batch_id=781 Accuracy=52.41: 100%|█████████████████████████████████████████████████████████████████████████████████████████████████████████████████████████████████████████████████████| 782/782 [00:52<00:00, 14.89it/s] 
03102025-1338

Test set: Average loss: 1.2708, Accuracy: 5488/10000 (54.88%)

Saved best model (acc=54.88%) to cifar10_best_model.pth
Validation Accuracy: 54.88% | Best Accuracy: 54.88%
-----------------------------------------------
EPOCH: 4
03102025-1339
Epoch 4 Loss=1.1800 Batch_id=781 Accuracy=56.43: 100%|█████████████████████████████████████████████████████████████████████████████████████████████████████████████████████████████████████████████████████| 782/782 [00:54<00:00, 14.40it/s] 
03102025-1340

Test set: Average loss: 1.0486, Accuracy: 6205/10000 (62.05%)

Saved best model (acc=62.05%) to cifar10_best_model.pth
Validation Accuracy: 62.05% | Best Accuracy: 62.05%
-----------------------------------------------
EPOCH: 5
03102025-1340
Epoch 5 Loss=1.0547 Batch_id=781 Accuracy=59.78: 100%|█████████████████████████████████████████████████████████████████████████████████████████████████████████████████████████████████████████████████████| 782/782 [00:55<00:00, 14.10it/s] 
03102025-1341

Test set: Average loss: 0.9418, Accuracy: 6716/10000 (67.16%)

Saved best model (acc=67.16%) to cifar10_best_model.pth
Validation Accuracy: 67.16% | Best Accuracy: 67.16%
-----------------------------------------------
EPOCH: 6
03102025-1341
Epoch 6 Loss=1.0064 Batch_id=781 Accuracy=61.62: 100%|█████████████████████████████████████████████████████████████████████████████████████████████████████████████████████████████████████████████████████| 782/782 [00:55<00:00, 14.19it/s]
03102025-1342

Test set: Average loss: 0.9401, Accuracy: 6725/10000 (67.25%)

Saved best model (acc=67.25%) to cifar10_best_model.pth
Validation Accuracy: 67.25% | Best Accuracy: 67.25%
-----------------------------------------------
EPOCH: 7
03102025-1342
Epoch 7 Loss=1.4360 Batch_id=781 Accuracy=62.92: 100%|█████████████████████████████████████████████████████████████████████████████████████████████████████████████████████████████████████████████████████| 782/782 [00:55<00:00, 14.13it/s] 
03102025-1343

Test set: Average loss: 0.8302, Accuracy: 7097/10000 (70.97%)

Saved best model (acc=70.97%) to cifar10_best_model.pth
Validation Accuracy: 70.97% | Best Accuracy: 70.97%
-----------------------------------------------
EPOCH: 8
03102025-1343
Epoch 8 Loss=1.3925 Batch_id=781 Accuracy=64.05: 100%|█████████████████████████████████████████████████████████████████████████████████████████████████████████████████████████████████████████████████████| 782/782 [00:57<00:00, 13.68it/s] 
03102025-1344

Test set: Average loss: 0.8195, Accuracy: 7172/10000 (71.72%)

Saved best model (acc=71.72%) to cifar10_best_model.pth
Validation Accuracy: 71.72% | Best Accuracy: 71.72%
-----------------------------------------------
EPOCH: 9
03102025-1345
Epoch 9 Loss=1.1532 Batch_id=781 Accuracy=64.92: 100%|█████████████████████████████████████████████████████████████████████████████████████████████████████████████████████████████████████████████████████| 782/782 [00:58<00:00, 13.46it/s] 
03102025-1346

Test set: Average loss: 0.8376, Accuracy: 7056/10000 (70.56%)

Validation Accuracy: 70.56% | Best Accuracy: 71.72%
-----------------------------------------------
EPOCH: 10
03102025-1346
Epoch 10 Loss=0.5436 Batch_id=781 Accuracy=65.32: 100%|████████████████████████████████████████████████████████████████████████████████████████████████████████████████████████████████████████████████████| 782/782 [00:59<00:00, 13.14it/s] 
03102025-1347

Test set: Average loss: 0.7672, Accuracy: 7317/10000 (73.17%)

Saved best model (acc=73.17%) to cifar10_best_model.pth
Validation Accuracy: 73.17% | Best Accuracy: 73.17%
-----------------------------------------------
EPOCH: 11
03102025-1347
Epoch 11 Loss=1.0722 Batch_id=781 Accuracy=65.60: 100%|████████████████████████████████████████████████████████████████████████████████████████████████████████████████████████████████████████████████████| 782/782 [01:02<00:00, 12.52it/s] 
03102025-1348

Test set: Average loss: 0.8016, Accuracy: 7209/10000 (72.09%)

Validation Accuracy: 72.09% | Best Accuracy: 73.17%
-----------------------------------------------
EPOCH: 12
03102025-1349
Epoch 12 Loss=0.9385 Batch_id=781 Accuracy=66.03: 100%|████████████████████████████████████████████████████████████████████████████████████████████████████████████████████████████████████████████████████| 782/782 [01:03<00:00, 12.24it/s] 
03102025-1350

Test set: Average loss: 0.8428, Accuracy: 7125/10000 (71.25%)

Validation Accuracy: 71.25% | Best Accuracy: 73.17%
-----------------------------------------------
EPOCH: 13
03102025-1350
Epoch 13 Loss=0.8953 Batch_id=781 Accuracy=66.55: 100%|████████████████████████████████████████████████████████████████████████████████████████████████████████████████████████████████████████████████████| 782/782 [00:59<00:00, 13.14it/s] 
03102025-1351

Test set: Average loss: 0.9385, Accuracy: 6918/10000 (69.18%)

Validation Accuracy: 69.18% | Best Accuracy: 73.17%
-----------------------------------------------
EPOCH: 14
03102025-1351
Epoch 14 Loss=1.0981 Batch_id=781 Accuracy=66.36: 100%|████████████████████████████████████████████████████████████████████████████████████████████████████████████████████████████████████████████████████| 782/782 [00:58<00:00, 13.30it/s] 
03102025-1352

Test set: Average loss: 0.8307, Accuracy: 7116/10000 (71.16%)

Validation Accuracy: 71.16% | Best Accuracy: 73.17%
-----------------------------------------------
EPOCH: 15
03102025-1352
Epoch 15 Loss=0.8109 Batch_id=781 Accuracy=66.49: 100%|████████████████████████████████████████████████████████████████████████████████████████████████████████████████████████████████████████████████████| 782/782 [00:58<00:00, 13.46it/s] 
03102025-1353

Test set: Average loss: 0.7830, Accuracy: 7281/10000 (72.81%)

Validation Accuracy: 72.81% | Best Accuracy: 73.17%
-----------------------------------------------
EPOCH: 16
03102025-1354
Epoch 16 Loss=1.2887 Batch_id=781 Accuracy=66.48: 100%|████████████████████████████████████████████████████████████████████████████████████████████████████████████████████████████████████████████████████| 782/782 [00:58<00:00, 13.30it/s] 
03102025-1355

Test set: Average loss: 0.7572, Accuracy: 7425/10000 (74.25%)

Saved best model (acc=74.25%) to cifar10_best_model.pth
Validation Accuracy: 74.25% | Best Accuracy: 74.25%
-----------------------------------------------
EPOCH: 17
03102025-1355
Epoch 17 Loss=1.2771 Batch_id=781 Accuracy=66.67: 100%|████████████████████████████████████████████████████████████████████████████████████████████████████████████████████████████████████████████████████| 782/782 [00:58<00:00, 13.33it/s] 
03102025-1356

Test set: Average loss: 0.8206, Accuracy: 7278/10000 (72.78%)

Validation Accuracy: 72.78% | Best Accuracy: 74.25%
-----------------------------------------------
EPOCH: 18
03102025-1356
Epoch 18 Loss=0.9121 Batch_id=781 Accuracy=66.72: 100%|████████████████████████████████████████████████████████████████████████████████████████████████████████████████████████████████████████████████████| 782/782 [00:59<00:00, 13.25it/s] 
03102025-1357

Test set: Average loss: 0.8367, Accuracy: 7128/10000 (71.28%)

Validation Accuracy: 71.28% | Best Accuracy: 74.25%
-----------------------------------------------
EPOCH: 19
03102025-1358
Epoch 19 Loss=1.1924 Batch_id=781 Accuracy=67.07: 100%|████████████████████████████████████████████████████████████████████████████████████████████████████████████████████████████████████████████████████| 782/782 [00:57<00:00, 13.49it/s] 
03102025-1359

Test set: Average loss: 0.8411, Accuracy: 7139/10000 (71.39%)

Validation Accuracy: 71.39% | Best Accuracy: 74.25%
-----------------------------------------------
EPOCH: 20
03102025-1359
Epoch 20 Loss=0.7651 Batch_id=781 Accuracy=66.98: 100%|████████████████████████████████████████████████████████████████████████████████████████████████████████████████████████████████████████████████████| 782/782 [00:58<00:00, 13.46it/s] 
03102025-1400

Test set: Average loss: 0.7312, Accuracy: 7469/10000 (74.69%)

Saved best model (acc=74.69%) to cifar10_best_model.pth
Validation Accuracy: 74.69% | Best Accuracy: 74.69%
-----------------------------------------------
EPOCH: 21
03102025-1400
Epoch 21 Loss=0.3883 Batch_id=781 Accuracy=66.67: 100%|████████████████████████████████████████████████████████████████████████████████████████████████████████████████████████████████████████████████████| 782/782 [00:58<00:00, 13.29it/s] 
03102025-1401

Test set: Average loss: 0.7576, Accuracy: 7408/10000 (74.08%)

Validation Accuracy: 74.08% | Best Accuracy: 74.69%
-----------------------------------------------
EPOCH: 22
03102025-1401
Epoch 22 Loss=1.3322 Batch_id=781 Accuracy=67.17: 100%|████████████████████████████████████████████████████████████████████████████████████████████████████████████████████████████████████████████████████| 782/782 [00:57<00:00, 13.54it/s] 
03102025-1402

Test set: Average loss: 1.2019, Accuracy: 6406/10000 (64.06%)

Validation Accuracy: 64.06% | Best Accuracy: 74.69%
-----------------------------------------------
EPOCH: 23
03102025-1403
Epoch 23 Loss=1.0883 Batch_id=781 Accuracy=67.15: 100%|████████████████████████████████████████████████████████████████████████████████████████████████████████████████████████████████████████████████████| 782/782 [00:59<00:00, 13.16it/s] 
03102025-1404

Test set: Average loss: 0.8751, Accuracy: 6992/10000 (69.92%)

Validation Accuracy: 69.92% | Best Accuracy: 74.69%
-----------------------------------------------
EPOCH: 24
03102025-1404
Epoch 24 Loss=0.6221 Batch_id=781 Accuracy=66.98: 100%|████████████████████████████████████████████████████████████████████████████████████████████████████████████████████████████████████████████████████| 782/782 [00:58<00:00, 13.26it/s] 
03102025-1405

Test set: Average loss: 1.0230, Accuracy: 6623/10000 (66.23%)

Validation Accuracy: 66.23% | Best Accuracy: 74.69%
-----------------------------------------------
EPOCH: 25
03102025-1405
Epoch 25 Loss=0.8505 Batch_id=781 Accuracy=67.09: 100%|████████████████████████████████████████████████████████████████████████████████████████████████████████████████████████████████████████████████████| 782/782 [00:58<00:00, 13.38it/s] 
03102025-1406

Test set: Average loss: 0.7763, Accuracy: 7338/10000 (73.38%)

Validation Accuracy: 73.38% | Best Accuracy: 74.69%
-----------------------------------------------
EPOCH: 26
03102025-1406
Epoch 26 Loss=0.6937 Batch_id=781 Accuracy=66.89: 100%|████████████████████████████████████████████████████████████████████████████████████████████████████████████████████████████████████████████████████| 782/782 [00:58<00:00, 13.42it/s] 
03102025-1407

Test set: Average loss: 0.7723, Accuracy: 7370/10000 (73.70%)

Validation Accuracy: 73.70% | Best Accuracy: 74.69%
-----------------------------------------------
EPOCH: 27
03102025-1408
Epoch 27 Loss=0.9391 Batch_id=781 Accuracy=67.24: 100%|████████████████████████████████████████████████████████████████████████████████████████████████████████████████████████████████████████████████████| 782/782 [00:57<00:00, 13.72it/s] 
03102025-1409

Test set: Average loss: 0.8825, Accuracy: 7037/10000 (70.37%)

Validation Accuracy: 70.37% | Best Accuracy: 74.69%
-----------------------------------------------
EPOCH: 28
03102025-1409
Epoch 28 Loss=1.0404 Batch_id=781 Accuracy=67.14: 100%|████████████████████████████████████████████████████████████████████████████████████████████████████████████████████████████████████████████████████| 782/782 [00:58<00:00, 13.39it/s] 
03102025-1410

Test set: Average loss: 0.7762, Accuracy: 7336/10000 (73.36%)

Validation Accuracy: 73.36% | Best Accuracy: 74.69%
-----------------------------------------------
EPOCH: 29
03102025-1410
Epoch 29 Loss=1.3583 Batch_id=781 Accuracy=66.89: 100%|████████████████████████████████████████████████████████████████████████████████████████████████████████████████████████████████████████████████████| 782/782 [01:02<00:00, 12.61it/s] 
03102025-1411

Test set: Average loss: 0.8388, Accuracy: 7163/10000 (71.63%)

Validation Accuracy: 71.63% | Best Accuracy: 74.69%
-----------------------------------------------
EPOCH: 30
03102025-1412
Epoch 30 Loss=0.7406 Batch_id=781 Accuracy=67.33: 100%|████████████████████████████████████████████████████████████████████████████████████████████████████████████████████████████████████████████████████| 782/782 [00:57<00:00, 13.53it/s] 
03102025-1413

Test set: Average loss: 0.7582, Accuracy: 7424/10000 (74.24%)

Validation Accuracy: 74.24% | Best Accuracy: 74.69%
-----------------------------------------------
EPOCH: 31
03102025-1413
Epoch 31 Loss=0.9409 Batch_id=781 Accuracy=67.51: 100%|████████████████████████████████████████████████████████████████████████████████████████████████████████████████████████████████████████████████████| 782/782 [00:58<00:00, 13.39it/s] 
03102025-1414

Test set: Average loss: 0.8667, Accuracy: 7042/10000 (70.42%)

Validation Accuracy: 70.42% | Best Accuracy: 74.69%
-----------------------------------------------
EPOCH: 32
03102025-1414
Epoch 32 Loss=0.8280 Batch_id=781 Accuracy=67.35: 100%|████████████████████████████████████████████████████████████████████████████████████████████████████████████████████████████████████████████████████| 782/782 [00:58<00:00, 13.47it/s] 
03102025-1415

Test set: Average loss: 0.7743, Accuracy: 7382/10000 (73.82%)

Validation Accuracy: 73.82% | Best Accuracy: 74.69%
-----------------------------------------------
EPOCH: 33
03102025-1415
Epoch 33 Loss=1.0864 Batch_id=781 Accuracy=67.19: 100%|████████████████████████████████████████████████████████████████████████████████████████████████████████████████████████████████████████████████████| 782/782 [00:59<00:00, 13.04it/s] 
03102025-1416

Test set: Average loss: 1.1289, Accuracy: 6462/10000 (64.62%)

Validation Accuracy: 64.62% | Best Accuracy: 74.69%
-----------------------------------------------
EPOCH: 34
03102025-1417
Epoch 34 Loss=1.0239 Batch_id=781 Accuracy=67.10: 100%|████████████████████████████████████████████████████████████████████████████████████████████████████████████████████████████████████████████████████| 782/782 [00:58<00:00, 13.34it/s] 
03102025-1418

Test set: Average loss: 0.8976, Accuracy: 7023/10000 (70.23%)

Validation Accuracy: 70.23% | Best Accuracy: 74.69%
-----------------------------------------------
EPOCH: 35
03102025-1418
Epoch 35 Loss=1.0178 Batch_id=781 Accuracy=67.26: 100%|████████████████████████████████████████████████████████████████████████████████████████████████████████████████████████████████████████████████████| 782/782 [00:58<00:00, 13.38it/s] 
03102025-1419

Test set: Average loss: 0.9605, Accuracy: 6871/10000 (68.71%)

Validation Accuracy: 68.71% | Best Accuracy: 74.69%
-----------------------------------------------
EPOCH: 36
03102025-1419
Epoch 36 Loss=0.8671 Batch_id=781 Accuracy=67.40: 100%|████████████████████████████████████████████████████████████████████████████████████████████████████████████████████████████████████████████████████| 782/782 [00:58<00:00, 13.40it/s] 
03102025-1420

Test set: Average loss: 0.7135, Accuracy: 7538/10000 (75.38%)

Saved best model (acc=75.38%) to cifar10_best_model.pth
Validation Accuracy: 75.38% | Best Accuracy: 75.38%
-----------------------------------------------
EPOCH: 37
03102025-1420
Epoch 37 Loss=1.0521 Batch_id=781 Accuracy=67.40: 100%|████████████████████████████████████████████████████████████████████████████████████████████████████████████████████████████████████████████████████| 782/782 [00:58<00:00, 13.39it/s] 
03102025-1421

Test set: Average loss: 0.9320, Accuracy: 6782/10000 (67.82%)

Validation Accuracy: 67.82% | Best Accuracy: 75.38%
-----------------------------------------------
EPOCH: 38
03102025-1422
Epoch 38 Loss=2.3822 Batch_id=781 Accuracy=67.00: 100%|████████████████████████████████████████████████████████████████████████████████████████████████████████████████████████████████████████████████████| 782/782 [00:57<00:00, 13.60it/s] 
03102025-1423

Test set: Average loss: 0.7861, Accuracy: 7301/10000 (73.01%)

Validation Accuracy: 73.01% | Best Accuracy: 75.38%
-----------------------------------------------
EPOCH: 39
03102025-1423
Epoch 39 Loss=1.5373 Batch_id=781 Accuracy=67.34: 100%|████████████████████████████████████████████████████████████████████████████████████████████████████████████████████████████████████████████████████| 782/782 [00:58<00:00, 13.39it/s] 
03102025-1424

Test set: Average loss: 0.7206, Accuracy: 7531/10000 (75.31%)

Validation Accuracy: 75.31% | Best Accuracy: 75.38%
-----------------------------------------------
EPOCH: 40
03102025-1424
Epoch 40 Loss=1.0670 Batch_id=781 Accuracy=67.14: 100%|████████████████████████████████████████████████████████████████████████████████████████████████████████████████████████████████████████████████████| 782/782 [00:58<00:00, 13.26it/s] 
03102025-1425

Test set: Average loss: 0.8431, Accuracy: 7092/10000 (70.92%)

Validation Accuracy: 70.92% | Best Accuracy: 75.38%
-----------------------------------------------
EPOCH: 41
03102025-1426
Epoch 41 Loss=0.6021 Batch_id=781 Accuracy=67.47: 100%|████████████████████████████████████████████████████████████████████████████████████████████████████████████████████████████████████████████████████| 782/782 [00:59<00:00, 13.25it/s] 
03102025-1426

Test set: Average loss: 0.8334, Accuracy: 7113/10000 (71.13%)

Validation Accuracy: 71.13% | Best Accuracy: 75.38%
-----------------------------------------------
EPOCH: 42
03102025-1427
Epoch 42 Loss=0.7617 Batch_id=781 Accuracy=67.59: 100%|████████████████████████████████████████████████████████████████████████████████████████████████████████████████████████████████████████████████████| 782/782 [00:58<00:00, 13.40it/s] 
03102025-1428

Test set: Average loss: 0.7765, Accuracy: 7392/10000 (73.92%)

Validation Accuracy: 73.92% | Best Accuracy: 75.38%
-----------------------------------------------
EPOCH: 43
03102025-1428
Epoch 43 Loss=1.2457 Batch_id=781 Accuracy=67.82: 100%|████████████████████████████████████████████████████████████████████████████████████████████████████████████████████████████████████████████████████| 782/782 [00:58<00:00, 13.39it/s] 
03102025-1429

Test set: Average loss: 0.7876, Accuracy: 7371/10000 (73.71%)

Validation Accuracy: 73.71% | Best Accuracy: 75.38%
-----------------------------------------------
EPOCH: 44
03102025-1429
Epoch 44 Loss=1.5066 Batch_id=781 Accuracy=67.68: 100%|████████████████████████████████████████████████████████████████████████████████████████████████████████████████████████████████████████████████████| 782/782 [00:58<00:00, 13.42it/s] 
03102025-1430

Test set: Average loss: 1.0105, Accuracy: 6778/10000 (67.78%)

Validation Accuracy: 67.78% | Best Accuracy: 75.38%
-----------------------------------------------
EPOCH: 45
03102025-1431
Epoch 45 Loss=1.1321 Batch_id=781 Accuracy=67.78: 100%|████████████████████████████████████████████████████████████████████████████████████████████████████████████████████████████████████████████████████| 782/782 [00:58<00:00, 13.32it/s] 
03102025-1432

Test set: Average loss: 0.9050, Accuracy: 7018/10000 (70.18%)

Validation Accuracy: 70.18% | Best Accuracy: 75.38%
-----------------------------------------------
EPOCH: 46
03102025-1432
Epoch 46 Loss=0.8599 Batch_id=781 Accuracy=67.53: 100%|████████████████████████████████████████████████████████████████████████████████████████████████████████████████████████████████████████████████████| 782/782 [00:58<00:00, 13.36it/s] 
03102025-1433

Test set: Average loss: 0.9989, Accuracy: 6752/10000 (67.52%)

Validation Accuracy: 67.52% | Best Accuracy: 75.38%
-----------------------------------------------
EPOCH: 47
03102025-1433
Epoch 47 Loss=0.7434 Batch_id=781 Accuracy=68.01: 100%|████████████████████████████████████████████████████████████████████████████████████████████████████████████████████████████████████████████████████| 782/782 [00:58<00:00, 13.29it/s] 
03102025-1434

Test set: Average loss: 0.8304, Accuracy: 7192/10000 (71.92%)

Validation Accuracy: 71.92% | Best Accuracy: 75.38%
-----------------------------------------------
EPOCH: 48
03102025-1434
Epoch 48 Loss=1.0306 Batch_id=781 Accuracy=67.70: 100%|████████████████████████████████████████████████████████████████████████████████████████████████████████████████████████████████████████████████████| 782/782 [00:59<00:00, 13.18it/s] 
03102025-1435

Test set: Average loss: 0.8203, Accuracy: 7218/10000 (72.18%)

Validation Accuracy: 72.18% | Best Accuracy: 75.38%
-----------------------------------------------
EPOCH: 49
03102025-1436
Epoch 49 Loss=1.1655 Batch_id=781 Accuracy=67.73: 100%|████████████████████████████████████████████████████████████████████████████████████████████████████████████████████████████████████████████████████| 782/782 [00:58<00:00, 13.35it/s] 
03102025-1437

Test set: Average loss: 0.9295, Accuracy: 7004/10000 (70.04%)

Validation Accuracy: 70.04% | Best Accuracy: 75.38%
-----------------------------------------------
EPOCH: 50
03102025-1437
Epoch 50 Loss=0.7778 Batch_id=781 Accuracy=67.91: 100%|████████████████████████████████████████████████████████████████████████████████████████████████████████████████████████████████████████████████████| 782/782 [00:58<00:00, 13.35it/s] 
03102025-1438

Test set: Average loss: 0.7807, Accuracy: 7341/10000 (73.41%)

Validation Accuracy: 73.41% | Best Accuracy: 75.38%
-----------------------------------------------
EPOCH: 51
03102025-1438
Epoch 51 Loss=0.8403 Batch_id=781 Accuracy=67.60: 100%|████████████████████████████████████████████████████████████████████████████████████████████████████████████████████████████████████████████████████| 782/782 [00:57<00:00, 13.51it/s] 
03102025-1439

Test set: Average loss: 0.8886, Accuracy: 6971/10000 (69.71%)

Validation Accuracy: 69.71% | Best Accuracy: 75.38%
-----------------------------------------------
EPOCH: 52
03102025-1439
Epoch 52 Loss=0.9488 Batch_id=781 Accuracy=67.70: 100%|████████████████████████████████████████████████████████████████████████████████████████████████████████████████████████████████████████████████████| 782/782 [00:59<00:00, 13.20it/s] 
03102025-1440

Test set: Average loss: 0.7486, Accuracy: 7433/10000 (74.33%)

Validation Accuracy: 74.33% | Best Accuracy: 75.38%
-----------------------------------------------
EPOCH: 53
03102025-1441
Epoch 53 Loss=1.2946 Batch_id=781 Accuracy=67.47: 100%|████████████████████████████████████████████████████████████████████████████████████████████████████████████████████████████████████████████████████| 782/782 [00:58<00:00, 13.42it/s] 
03102025-1442

Test set: Average loss: 0.8111, Accuracy: 7288/10000 (72.88%)

Validation Accuracy: 72.88% | Best Accuracy: 75.38%
-----------------------------------------------
EPOCH: 54
03102025-1442
Epoch 54 Loss=0.6521 Batch_id=781 Accuracy=67.35: 100%|████████████████████████████████████████████████████████████████████████████████████████████████████████████████████████████████████████████████████| 782/782 [00:58<00:00, 13.33it/s] 
03102025-1443

Test set: Average loss: 0.8526, Accuracy: 7146/10000 (71.46%)

Validation Accuracy: 71.46% | Best Accuracy: 75.38%
-----------------------------------------------
EPOCH: 55
03102025-1443
Epoch 55 Loss=0.9504 Batch_id=781 Accuracy=67.69: 100%|████████████████████████████████████████████████████████████████████████████████████████████████████████████████████████████████████████████████████| 782/782 [00:58<00:00, 13.42it/s] 
03102025-1444

Test set: Average loss: 0.8722, Accuracy: 7124/10000 (71.24%)

Validation Accuracy: 71.24% | Best Accuracy: 75.38%
-----------------------------------------------
EPOCH: 56
03102025-1445
Epoch 56 Loss=1.0552 Batch_id=781 Accuracy=67.38: 100%|████████████████████████████████████████████████████████████████████████████████████████████████████████████████████████████████████████████████████| 782/782 [00:58<00:00, 13.45it/s] 
03102025-1446

Test set: Average loss: 0.8063, Accuracy: 7262/10000 (72.62%)

Validation Accuracy: 72.62% | Best Accuracy: 75.38%
-----------------------------------------------
EPOCH: 57
03102025-1446
Epoch 57 Loss=1.7859 Batch_id=781 Accuracy=67.63: 100%|████████████████████████████████████████████████████████████████████████████████████████████████████████████████████████████████████████████████████| 782/782 [00:59<00:00, 13.15it/s] 
03102025-1447

Test set: Average loss: 0.9043, Accuracy: 6994/10000 (69.94%)

Validation Accuracy: 69.94% | Best Accuracy: 75.38%
-----------------------------------------------
EPOCH: 58
03102025-1447
Epoch 58 Loss=1.2942 Batch_id=781 Accuracy=67.68: 100%|████████████████████████████████████████████████████████████████████████████████████████████████████████████████████████████████████████████████████| 782/782 [00:58<00:00, 13.47it/s] 
03102025-1448

Test set: Average loss: 0.7807, Accuracy: 7385/10000 (73.85%)

Validation Accuracy: 73.85% | Best Accuracy: 75.38%
-----------------------------------------------
EPOCH: 59
03102025-1448
Epoch 59 Loss=1.3320 Batch_id=781 Accuracy=67.89: 100%|████████████████████████████████████████████████████████████████████████████████████████████████████████████████████████████████████████████████████| 782/782 [00:58<00:00, 13.46it/s] 
03102025-1449

Test set: Average loss: 0.8422, Accuracy: 7121/10000 (71.21%)

Validation Accuracy: 71.21% | Best Accuracy: 75.38%
-----------------------------------------------
EPOCH: 60
03102025-1450
Epoch 60 Loss=0.7128 Batch_id=781 Accuracy=67.94: 100%|████████████████████████████████████████████████████████████████████████████████████████████████████████████████████████████████████████████████████| 782/782 [00:58<00:00, 13.27it/s] 
03102025-1451

Test set: Average loss: 0.7701, Accuracy: 7422/10000 (74.22%)

Validation Accuracy: 74.22% | Best Accuracy: 75.38%
-----------------------------------------------
EPOCH: 61
03102025-1451
Epoch 61 Loss=0.7345 Batch_id=781 Accuracy=68.20: 100%|████████████████████████████████████████████████████████████████████████████████████████████████████████████████████████████████████████████████████| 782/782 [00:59<00:00, 13.08it/s] 
03102025-1452

Test set: Average loss: 0.8581, Accuracy: 7093/10000 (70.93%)

Validation Accuracy: 70.93% | Best Accuracy: 75.38%
-----------------------------------------------
EPOCH: 62
03102025-1452
Epoch 62 Loss=0.8549 Batch_id=781 Accuracy=67.88: 100%|████████████████████████████████████████████████████████████████████████████████████████████████████████████████████████████████████████████████████| 782/782 [00:58<00:00, 13.28it/s] 
03102025-1453

Test set: Average loss: 0.7965, Accuracy: 7304/10000 (73.04%)

Validation Accuracy: 73.04% | Best Accuracy: 75.38%
-----------------------------------------------
EPOCH: 63
03102025-1454
Epoch 63 Loss=1.1505 Batch_id=781 Accuracy=67.82: 100%|████████████████████████████████████████████████████████████████████████████████████████████████████████████████████████████████████████████████████| 782/782 [01:00<00:00, 12.97it/s] 
03102025-1455

Test set: Average loss: 0.8022, Accuracy: 7223/10000 (72.23%)

Validation Accuracy: 72.23% | Best Accuracy: 75.38%
-----------------------------------------------
EPOCH: 64
03102025-1455
Epoch 64 Loss=0.9715 Batch_id=781 Accuracy=67.99: 100%|████████████████████████████████████████████████████████████████████████████████████████████████████████████████████████████████████████████████████| 782/782 [00:58<00:00, 13.32it/s] 
03102025-1456

Test set: Average loss: 0.7388, Accuracy: 7437/10000 (74.37%)

Validation Accuracy: 74.37% | Best Accuracy: 75.38%
-----------------------------------------------
EPOCH: 65
03102025-1456
Epoch 65 Loss=0.8468 Batch_id=781 Accuracy=67.84: 100%|████████████████████████████████████████████████████████████████████████████████████████████████████████████████████████████████████████████████████| 782/782 [00:58<00:00, 13.27it/s] 
03102025-1457

Test set: Average loss: 0.7330, Accuracy: 7505/10000 (75.05%)

Validation Accuracy: 75.05% | Best Accuracy: 75.38%
-----------------------------------------------
EPOCH: 66
03102025-1457
Epoch 66 Loss=1.1622 Batch_id=781 Accuracy=67.88: 100%|████████████████████████████████████████████████████████████████████████████████████████████████████████████████████████████████████████████████████| 782/782 [00:59<00:00, 13.17it/s] 
03102025-1458

Test set: Average loss: 0.8347, Accuracy: 7199/10000 (71.99%)

Validation Accuracy: 71.99% | Best Accuracy: 75.38%
-----------------------------------------------
EPOCH: 67
03102025-1459
Epoch 67 Loss=0.6307 Batch_id=781 Accuracy=68.07: 100%|████████████████████████████████████████████████████████████████████████████████████████████████████████████████████████████████████████████████████| 782/782 [00:58<00:00, 13.32it/s] 
03102025-1500

Test set: Average loss: 0.8038, Accuracy: 7253/10000 (72.53%)

Validation Accuracy: 72.53% | Best Accuracy: 75.38%
-----------------------------------------------
EPOCH: 68
03102025-1500
Epoch 68 Loss=0.9529 Batch_id=781 Accuracy=68.26: 100%|████████████████████████████████████████████████████████████████████████████████████████████████████████████████████████████████████████████████████| 782/782 [00:59<00:00, 13.09it/s] 
03102025-1501

Test set: Average loss: 0.9030, Accuracy: 6911/10000 (69.11%)

Validation Accuracy: 69.11% | Best Accuracy: 75.38%
-----------------------------------------------
EPOCH: 69
03102025-1501
Epoch 69 Loss=0.6619 Batch_id=781 Accuracy=67.98: 100%|████████████████████████████████████████████████████████████████████████████████████████████████████████████████████████████████████████████████████| 782/782 [00:58<00:00, 13.32it/s] 
03102025-1502

Test set: Average loss: 0.9375, Accuracy: 6842/10000 (68.42%)

Validation Accuracy: 68.42% | Best Accuracy: 75.38%
-----------------------------------------------
EPOCH: 70
03102025-1503
Epoch 70 Loss=0.9607 Batch_id=781 Accuracy=68.39: 100%|████████████████████████████████████████████████████████████████████████████████████████████████████████████████████████████████████████████████████| 782/782 [00:59<00:00, 13.23it/s] 
03102025-1504

Test set: Average loss: 0.8027, Accuracy: 7256/10000 (72.56%)

Validation Accuracy: 72.56% | Best Accuracy: 75.38%
-----------------------------------------------
EPOCH: 71
03102025-1504
Epoch 71 Loss=1.7828 Batch_id=781 Accuracy=68.33: 100%|████████████████████████████████████████████████████████████████████████████████████████████████████████████████████████████████████████████████████| 782/782 [01:00<00:00, 12.93it/s] 
03102025-1505

Test set: Average loss: 0.7599, Accuracy: 7383/10000 (73.83%)

Validation Accuracy: 73.83% | Best Accuracy: 75.38%
-----------------------------------------------
EPOCH: 72
03102025-1505
Epoch 72 Loss=1.0173 Batch_id=781 Accuracy=67.93: 100%|████████████████████████████████████████████████████████████████████████████████████████████████████████████████████████████████████████████████████| 782/782 [01:00<00:00, 13.00it/s] 
03102025-1506

Test set: Average loss: 0.9455, Accuracy: 6876/10000 (68.76%)

Validation Accuracy: 68.76% | Best Accuracy: 75.38%
-----------------------------------------------
EPOCH: 73
03102025-1506
Epoch 73 Loss=1.1198 Batch_id=781 Accuracy=68.09: 100%|████████████████████████████████████████████████████████████████████████████████████████████████████████████████████████████████████████████████████| 782/782 [00:59<00:00, 13.10it/s] 
03102025-1507

Test set: Average loss: 0.8537, Accuracy: 7101/10000 (71.01%)

Validation Accuracy: 71.01% | Best Accuracy: 75.38%
-----------------------------------------------
EPOCH: 74
03102025-1508
Epoch 74 Loss=0.9598 Batch_id=781 Accuracy=68.47: 100%|████████████████████████████████████████████████████████████████████████████████████████████████████████████████████████████████████████████████████| 782/782 [00:58<00:00, 13.39it/s] 
03102025-1509

Test set: Average loss: 0.8341, Accuracy: 7160/10000 (71.60%)

Validation Accuracy: 71.60% | Best Accuracy: 75.38%
-----------------------------------------------
EPOCH: 75
03102025-1509
Epoch 75 Loss=1.1306 Batch_id=781 Accuracy=68.30: 100%|████████████████████████████████████████████████████████████████████████████████████████████████████████████████████████████████████████████████████| 782/782 [01:02<00:00, 12.41it/s] 
03102025-1510

Test set: Average loss: 0.8013, Accuracy: 7310/10000 (73.10%)

Validation Accuracy: 73.10% | Best Accuracy: 75.38%
-----------------------------------------------
EPOCH: 76
03102025-1510
Epoch 76 Loss=0.7365 Batch_id=781 Accuracy=68.03: 100%|████████████████████████████████████████████████████████████████████████████████████████████████████████████████████████████████████████████████████| 782/782 [00:58<00:00, 13.47it/s] 
03102025-1511

Test set: Average loss: 0.7020, Accuracy: 7592/10000 (75.92%)

Saved best model (acc=75.92%) to cifar10_best_model.pth
Validation Accuracy: 75.92% | Best Accuracy: 75.92%
-----------------------------------------------
EPOCH: 77
03102025-1512
Epoch 77 Loss=0.9445 Batch_id=781 Accuracy=68.47: 100%|████████████████████████████████████████████████████████████████████████████████████████████████████████████████████████████████████████████████████| 782/782 [00:58<00:00, 13.43it/s] 
03102025-1513

Test set: Average loss: 0.7442, Accuracy: 7461/10000 (74.61%)

Validation Accuracy: 74.61% | Best Accuracy: 75.92%
-----------------------------------------------
EPOCH: 78
03102025-1513
Epoch 78 Loss=0.8548 Batch_id=781 Accuracy=68.18: 100%|████████████████████████████████████████████████████████████████████████████████████████████████████████████████████████████████████████████████████| 782/782 [00:58<00:00, 13.48it/s] 
03102025-1514

Test set: Average loss: 1.0429, Accuracy: 6716/10000 (67.16%)

Validation Accuracy: 67.16% | Best Accuracy: 75.92%
-----------------------------------------------
EPOCH: 79
03102025-1514
Epoch 79 Loss=0.7903 Batch_id=781 Accuracy=68.76: 100%|████████████████████████████████████████████████████████████████████████████████████████████████████████████████████████████████████████████████████| 782/782 [01:00<00:00, 12.89it/s] 
03102025-1515

Test set: Average loss: 0.7235, Accuracy: 7536/10000 (75.36%)

Validation Accuracy: 75.36% | Best Accuracy: 75.92%
-----------------------------------------------
EPOCH: 80
03102025-1516
Epoch 80 Loss=0.9617 Batch_id=781 Accuracy=68.39: 100%|████████████████████████████████████████████████████████████████████████████████████████████████████████████████████████████████████████████████████| 782/782 [00:59<00:00, 13.07it/s] 
03102025-1517

Test set: Average loss: 0.7235, Accuracy: 7535/10000 (75.35%)

Validation Accuracy: 75.35% | Best Accuracy: 75.92%
-----------------------------------------------
EPOCH: 81
03102025-1517
Epoch 81 Loss=0.8289 Batch_id=781 Accuracy=68.55: 100%|████████████████████████████████████████████████████████████████████████████████████████████████████████████████████████████████████████████████████| 782/782 [00:59<00:00, 13.19it/s] 
03102025-1518

Test set: Average loss: 0.7910, Accuracy: 7298/10000 (72.98%)

Validation Accuracy: 72.98% | Best Accuracy: 75.92%
-----------------------------------------------
EPOCH: 82
03102025-1518
Epoch 82 Loss=1.2210 Batch_id=781 Accuracy=68.62: 100%|████████████████████████████████████████████████████████████████████████████████████████████████████████████████████████████████████████████████████| 782/782 [00:59<00:00, 13.17it/s] 
03102025-1519

Test set: Average loss: 0.7179, Accuracy: 7489/10000 (74.89%)

Validation Accuracy: 74.89% | Best Accuracy: 75.92%
-----------------------------------------------
EPOCH: 83
03102025-1519
Epoch 83 Loss=0.3586 Batch_id=781 Accuracy=68.20: 100%|████████████████████████████████████████████████████████████████████████████████████████████████████████████████████████████████████████████████████| 782/782 [00:58<00:00, 13.34it/s] 
03102025-1520

Test set: Average loss: 1.0419, Accuracy: 6515/10000 (65.15%)

Validation Accuracy: 65.15% | Best Accuracy: 75.92%
-----------------------------------------------
EPOCH: 84
03102025-1521
Epoch 84 Loss=0.9184 Batch_id=781 Accuracy=68.42: 100%|████████████████████████████████████████████████████████████████████████████████████████████████████████████████████████████████████████████████████| 782/782 [00:59<00:00, 13.25it/s] 
03102025-1522

Test set: Average loss: 0.7726, Accuracy: 7450/10000 (74.50%)

Validation Accuracy: 74.50% | Best Accuracy: 75.92%
-----------------------------------------------
EPOCH: 85
03102025-1522
Epoch 85 Loss=0.8958 Batch_id=781 Accuracy=68.57: 100%|████████████████████████████████████████████████████████████████████████████████████████████████████████████████████████████████████████████████████| 782/782 [00:59<00:00, 13.21it/s] 
03102025-1523

Test set: Average loss: 0.7280, Accuracy: 7490/10000 (74.90%)

Validation Accuracy: 74.90% | Best Accuracy: 75.92%
-----------------------------------------------
EPOCH: 86
03102025-1523
Epoch 86 Loss=0.7047 Batch_id=781 Accuracy=68.58: 100%|████████████████████████████████████████████████████████████████████████████████████████████████████████████████████████████████████████████████████| 782/782 [00:59<00:00, 13.14it/s] 
03102025-1524

Test set: Average loss: 0.8151, Accuracy: 7393/10000 (73.93%)

Validation Accuracy: 73.93% | Best Accuracy: 75.92%
-----------------------------------------------
EPOCH: 87
03102025-1525
Epoch 87 Loss=1.0321 Batch_id=781 Accuracy=68.85: 100%|████████████████████████████████████████████████████████████████████████████████████████████████████████████████████████████████████████████████████| 782/782 [00:58<00:00, 13.31it/s] 
03102025-1526

Test set: Average loss: 0.7731, Accuracy: 7405/10000 (74.05%)

Validation Accuracy: 74.05% | Best Accuracy: 75.92%
-----------------------------------------------
EPOCH: 88
03102025-1526
Epoch 88 Loss=0.8702 Batch_id=781 Accuracy=68.52: 100%|████████████████████████████████████████████████████████████████████████████████████████████████████████████████████████████████████████████████████| 782/782 [00:59<00:00, 13.18it/s] 
03102025-1527

Test set: Average loss: 0.7938, Accuracy: 7339/10000 (73.39%)

Validation Accuracy: 73.39% | Best Accuracy: 75.92%
-----------------------------------------------
EPOCH: 89
03102025-1527
Epoch 89 Loss=1.1640 Batch_id=781 Accuracy=68.48: 100%|████████████████████████████████████████████████████████████████████████████████████████████████████████████████████████████████████████████████████| 782/782 [01:00<00:00, 12.82it/s] 
03102025-1528

Test set: Average loss: 0.8447, Accuracy: 7131/10000 (71.31%)

Validation Accuracy: 71.31% | Best Accuracy: 75.92%
-----------------------------------------------
EPOCH: 90
03102025-1528
Epoch 90 Loss=1.3276 Batch_id=781 Accuracy=68.83: 100%|████████████████████████████████████████████████████████████████████████████████████████████████████████████████████████████████████████████████████| 782/782 [00:58<00:00, 13.30it/s] 
03102025-1529

Test set: Average loss: 0.9063, Accuracy: 7038/10000 (70.38%)

Validation Accuracy: 70.38% | Best Accuracy: 75.92%
-----------------------------------------------
EPOCH: 91
03102025-1530
Epoch 91 Loss=1.2787 Batch_id=781 Accuracy=68.88: 100%|████████████████████████████████████████████████████████████████████████████████████████████████████████████████████████████████████████████████████| 782/782 [00:58<00:00, 13.26it/s] 
03102025-1531

Test set: Average loss: 0.6974, Accuracy: 7631/10000 (76.31%)

Saved best model (acc=76.31%) to cifar10_best_model.pth
Validation Accuracy: 76.31% | Best Accuracy: 76.31%
-----------------------------------------------
EPOCH: 92
03102025-1531
Epoch 92 Loss=1.0829 Batch_id=781 Accuracy=68.94: 100%|████████████████████████████████████████████████████████████████████████████████████████████████████████████████████████████████████████████████████| 782/782 [00:59<00:00, 13.20it/s] 
03102025-1532

Test set: Average loss: 0.6847, Accuracy: 7696/10000 (76.96%)

Saved best model (acc=76.96%) to cifar10_best_model.pth
Validation Accuracy: 76.96% | Best Accuracy: 76.96%
-----------------------------------------------
EPOCH: 93
03102025-1532
Epoch 93 Loss=1.0655 Batch_id=781 Accuracy=69.03: 100%|████████████████████████████████████████████████████████████████████████████████████████████████████████████████████████████████████████████████████| 782/782 [00:59<00:00, 13.25it/s] 
03102025-1533

Test set: Average loss: 0.7070, Accuracy: 7595/10000 (75.95%)

Validation Accuracy: 75.95% | Best Accuracy: 76.96%
-----------------------------------------------
EPOCH: 94
03102025-1534
Epoch 94 Loss=0.5272 Batch_id=781 Accuracy=68.82: 100%|████████████████████████████████████████████████████████████████████████████████████████████████████████████████████████████████████████████████████| 782/782 [01:01<00:00, 12.77it/s] 
03102025-1535

Test set: Average loss: 0.6686, Accuracy: 7757/10000 (77.57%)

Saved best model (acc=77.57%) to cifar10_best_model.pth
Validation Accuracy: 77.57% | Best Accuracy: 77.57%
-----------------------------------------------
EPOCH: 95
03102025-1535
Epoch 95 Loss=0.9628 Batch_id=781 Accuracy=68.79: 100%|████████████████████████████████████████████████████████████████████████████████████████████████████████████████████████████████████████████████████| 782/782 [00:59<00:00, 13.11it/s] 
03102025-1536

Test set: Average loss: 0.8169, Accuracy: 7172/10000 (71.72%)

Validation Accuracy: 71.72% | Best Accuracy: 77.57%
-----------------------------------------------
EPOCH: 96
03102025-1536
Epoch 96 Loss=0.9909 Batch_id=781 Accuracy=69.13: 100%|████████████████████████████████████████████████████████████████████████████████████████████████████████████████████████████████████████████████████| 782/782 [00:59<00:00, 13.25it/s] 
03102025-1537

Test set: Average loss: 0.9089, Accuracy: 6983/10000 (69.83%)

Validation Accuracy: 69.83% | Best Accuracy: 77.57%
-----------------------------------------------
EPOCH: 97
03102025-1537
Epoch 97 Loss=0.6865 Batch_id=781 Accuracy=68.91: 100%|████████████████████████████████████████████████████████████████████████████████████████████████████████████████████████████████████████████████████| 782/782 [00:58<00:00, 13.27it/s] 
03102025-1538

Test set: Average loss: 0.6785, Accuracy: 7714/10000 (77.14%)

Validation Accuracy: 77.14% | Best Accuracy: 77.57%
-----------------------------------------------
EPOCH: 98
03102025-1539
Epoch 98 Loss=0.9550 Batch_id=781 Accuracy=69.09: 100%|████████████████████████████████████████████████████████████████████████████████████████████████████████████████████████████████████████████████████| 782/782 [00:58<00:00, 13.33it/s] 
03102025-1540

Test set: Average loss: 0.7389, Accuracy: 7443/10000 (74.43%)

Validation Accuracy: 74.43% | Best Accuracy: 77.57%
-----------------------------------------------
EPOCH: 99
03102025-1540
Epoch 99 Loss=1.0911 Batch_id=781 Accuracy=69.06: 100%|████████████████████████████████████████████████████████████████████████████████████████████████████████████████████████████████████████████████████| 782/782 [00:59<00:00, 13.22it/s] 
03102025-1541

Test set: Average loss: 0.7224, Accuracy: 7524/10000 (75.24%)

Validation Accuracy: 75.24% | Best Accuracy: 77.57%
-----------------------------------------------
EPOCH: 100
03102025-1541
Epoch 100 Loss=0.8644 Batch_id=781 Accuracy=68.99: 100%|███████████████████████████████████████████████████████████████████████████████████████████████████████████████████████████████████████████████████| 782/782 [00:58<00:00, 13.35it/s] 
03102025-1542

Test set: Average loss: 0.8559, Accuracy: 7194/10000 (71.94%)

Validation Accuracy: 71.94% | Best Accuracy: 77.57%
-----------------------------------------------
EPOCH: 101
03102025-1543
Epoch 101 Loss=0.5525 Batch_id=781 Accuracy=68.94: 100%|███████████████████████████████████████████████████████████████████████████████████████████████████████████████████████████████████████████████████| 782/782 [00:58<00:00, 13.37it/s] 
03102025-1544

Test set: Average loss: 0.8540, Accuracy: 7140/10000 (71.40%)

Validation Accuracy: 71.40% | Best Accuracy: 77.57%
-----------------------------------------------
EPOCH: 102
03102025-1544
Epoch 102 Loss=0.8964 Batch_id=781 Accuracy=69.46: 100%|███████████████████████████████████████████████████████████████████████████████████████████████████████████████████████████████████████████████████| 782/782 [00:59<00:00, 13.24it/s] 
03102025-1545

Test set: Average loss: 0.7224, Accuracy: 7509/10000 (75.09%)

Validation Accuracy: 75.09% | Best Accuracy: 77.57%
-----------------------------------------------
EPOCH: 103
03102025-1545
Epoch 103 Loss=0.9974 Batch_id=781 Accuracy=69.30: 100%|███████████████████████████████████████████████████████████████████████████████████████████████████████████████████████████████████████████████████| 782/782 [01:00<00:00, 12.90it/s] 
03102025-1546

Test set: Average loss: 0.7837, Accuracy: 7282/10000 (72.82%)

Validation Accuracy: 72.82% | Best Accuracy: 77.57%
-----------------------------------------------
EPOCH: 104
03102025-1547
Epoch 104 Loss=1.3181 Batch_id=781 Accuracy=69.52: 100%|███████████████████████████████████████████████████████████████████████████████████████████████████████████████████████████████████████████████████| 782/782 [00:58<00:00, 13.43it/s] 
03102025-1547

Test set: Average loss: 0.8322, Accuracy: 7245/10000 (72.45%)

Validation Accuracy: 72.45% | Best Accuracy: 77.57%
-----------------------------------------------
EPOCH: 105
03102025-1548
Epoch 105 Loss=0.8470 Batch_id=781 Accuracy=69.19: 100%|███████████████████████████████████████████████████████████████████████████████████████████████████████████████████████████████████████████████████| 782/782 [00:57<00:00, 13.52it/s] 
03102025-1549

Test set: Average loss: 0.8054, Accuracy: 7262/10000 (72.62%)

Validation Accuracy: 72.62% | Best Accuracy: 77.57%
-----------------------------------------------
EPOCH: 106
03102025-1549
Epoch 106 Loss=1.1579 Batch_id=781 Accuracy=69.44: 100%|███████████████████████████████████████████████████████████████████████████████████████████████████████████████████████████████████████████████████| 782/782 [00:58<00:00, 13.32it/s] 
03102025-1550

Test set: Average loss: 0.6830, Accuracy: 7671/10000 (76.71%)

Validation Accuracy: 76.71% | Best Accuracy: 77.57%
-----------------------------------------------
EPOCH: 107
03102025-1550
Epoch 107 Loss=1.6841 Batch_id=781 Accuracy=69.69: 100%|███████████████████████████████████████████████████████████████████████████████████████████████████████████████████████████████████████████████████| 782/782 [00:58<00:00, 13.30it/s] 
03102025-1551

Test set: Average loss: 0.6939, Accuracy: 7592/10000 (75.92%)

Validation Accuracy: 75.92% | Best Accuracy: 77.57%
-----------------------------------------------
EPOCH: 108
03102025-1552
Epoch 108 Loss=1.1698 Batch_id=781 Accuracy=69.62: 100%|███████████████████████████████████████████████████████████████████████████████████████████████████████████████████████████████████████████████████| 782/782 [00:59<00:00, 13.23it/s] 
03102025-1553

Test set: Average loss: 0.6817, Accuracy: 7685/10000 (76.85%)

Validation Accuracy: 76.85% | Best Accuracy: 77.57%
-----------------------------------------------
EPOCH: 109
03102025-1553
Epoch 109 Loss=0.7631 Batch_id=781 Accuracy=69.61: 100%|███████████████████████████████████████████████████████████████████████████████████████████████████████████████████████████████████████████████████| 782/782 [00:58<00:00, 13.43it/s] 
03102025-1554

Test set: Average loss: 0.7500, Accuracy: 7453/10000 (74.53%)

Validation Accuracy: 74.53% | Best Accuracy: 77.57%
-----------------------------------------------
EPOCH: 110
03102025-1554
Epoch 110 Loss=0.7669 Batch_id=781 Accuracy=69.61: 100%|███████████████████████████████████████████████████████████████████████████████████████████████████████████████████████████████████████████████████| 782/782 [00:59<00:00, 13.07it/s] 
03102025-1555

Test set: Average loss: 0.6987, Accuracy: 7606/10000 (76.06%)

Validation Accuracy: 76.06% | Best Accuracy: 77.57%
-----------------------------------------------
EPOCH: 111
03102025-1555
Epoch 111 Loss=1.0076 Batch_id=781 Accuracy=69.71: 100%|███████████████████████████████████████████████████████████████████████████████████████████████████████████████████████████████████████████████████| 782/782 [00:59<00:00, 13.10it/s] 
03102025-1556

Test set: Average loss: 0.6953, Accuracy: 7632/10000 (76.32%)

Validation Accuracy: 76.32% | Best Accuracy: 77.57%
-----------------------------------------------
EPOCH: 112
03102025-1557
Epoch 112 Loss=1.4657 Batch_id=781 Accuracy=69.98: 100%|███████████████████████████████████████████████████████████████████████████████████████████████████████████████████████████████████████████████████| 782/782 [01:00<00:00, 12.87it/s] 
03102025-1558

Test set: Average loss: 0.7044, Accuracy: 7589/10000 (75.89%)

Validation Accuracy: 75.89% | Best Accuracy: 77.57%
-----------------------------------------------
EPOCH: 113
03102025-1558
Epoch 113 Loss=0.8939 Batch_id=781 Accuracy=69.82: 100%|███████████████████████████████████████████████████████████████████████████████████████████████████████████████████████████████████████████████████| 782/782 [01:00<00:00, 12.88it/s] 
03102025-1559

Test set: Average loss: 0.7008, Accuracy: 7622/10000 (76.22%)

Validation Accuracy: 76.22% | Best Accuracy: 77.57%
-----------------------------------------------
EPOCH: 114
03102025-1559
Epoch 114 Loss=1.2784 Batch_id=781 Accuracy=69.77: 100%|███████████████████████████████████████████████████████████████████████████████████████████████████████████████████████████████████████████████████| 782/782 [00:59<00:00, 13.25it/s] 
03102025-1600

Test set: Average loss: 0.7961, Accuracy: 7323/10000 (73.23%)

Validation Accuracy: 73.23% | Best Accuracy: 77.57%
-----------------------------------------------
EPOCH: 115
03102025-1601
Epoch 115 Loss=1.0091 Batch_id=781 Accuracy=69.91: 100%|███████████████████████████████████████████████████████████████████████████████████████████████████████████████████████████████████████████████████| 782/782 [01:00<00:00, 12.95it/s] 
03102025-1602

Test set: Average loss: 0.7422, Accuracy: 7399/10000 (73.99%)

Validation Accuracy: 73.99% | Best Accuracy: 77.57%
-----------------------------------------------
EPOCH: 116
03102025-1602
Epoch 116 Loss=0.8098 Batch_id=781 Accuracy=70.15: 100%|███████████████████████████████████████████████████████████████████████████████████████████████████████████████████████████████████████████████████| 782/782 [00:58<00:00, 13.26it/s] 
03102025-1603

Test set: Average loss: 0.6521, Accuracy: 7793/10000 (77.93%)

Saved best model (acc=77.93%) to cifar10_best_model.pth
Validation Accuracy: 77.93% | Best Accuracy: 77.93%
-----------------------------------------------
EPOCH: 117
03102025-1603
Epoch 117 Loss=0.9294 Batch_id=781 Accuracy=69.65: 100%|███████████████████████████████████████████████████████████████████████████████████████████████████████████████████████████████████████████████████| 782/782 [01:01<00:00, 12.79it/s] 
03102025-1604

Test set: Average loss: 0.7904, Accuracy: 7290/10000 (72.90%)

Validation Accuracy: 72.90% | Best Accuracy: 77.93%
-----------------------------------------------
EPOCH: 118
03102025-1605
Epoch 118 Loss=1.8932 Batch_id=781 Accuracy=70.24: 100%|███████████████████████████████████████████████████████████████████████████████████████████████████████████████████████████████████████████████████| 782/782 [00:58<00:00, 13.30it/s] 
03102025-1606

Test set: Average loss: 0.8352, Accuracy: 7294/10000 (72.94%)

Validation Accuracy: 72.94% | Best Accuracy: 77.93%
-----------------------------------------------
EPOCH: 119
03102025-1606
Epoch 119 Loss=1.2304 Batch_id=781 Accuracy=70.06: 100%|███████████████████████████████████████████████████████████████████████████████████████████████████████████████████████████████████████████████████| 782/782 [01:00<00:00, 12.85it/s] 
03102025-1607

Test set: Average loss: 0.6763, Accuracy: 7658/10000 (76.58%)

Validation Accuracy: 76.58% | Best Accuracy: 77.93%
-----------------------------------------------
EPOCH: 120
03102025-1607
Epoch 120 Loss=1.1172 Batch_id=781 Accuracy=70.02: 100%|███████████████████████████████████████████████████████████████████████████████████████████████████████████████████████████████████████████████████| 782/782 [01:06<00:00, 11.77it/s] 
03102025-1608

Test set: Average loss: 0.9111, Accuracy: 7124/10000 (71.24%)

Validation Accuracy: 71.24% | Best Accuracy: 77.93%
-----------------------------------------------
EPOCH: 121
03102025-1609
Epoch 121 Loss=1.0111 Batch_id=781 Accuracy=70.61: 100%|███████████████████████████████████████████████████████████████████████████████████████████████████████████████████████████████████████████████████| 782/782 [00:57<00:00, 13.59it/s] 
03102025-1610

Test set: Average loss: 0.6786, Accuracy: 7691/10000 (76.91%)

Validation Accuracy: 76.91% | Best Accuracy: 77.93%
-----------------------------------------------
EPOCH: 122
03102025-1610
Epoch 122 Loss=0.7149 Batch_id=781 Accuracy=70.28: 100%|███████████████████████████████████████████████████████████████████████████████████████████████████████████████████████████████████████████████████| 782/782 [01:05<00:00, 11.98it/s] 
03102025-1611

Test set: Average loss: 0.7479, Accuracy: 7515/10000 (75.15%)

Validation Accuracy: 75.15% | Best Accuracy: 77.93%
-----------------------------------------------
EPOCH: 123
03102025-1612
Epoch 123 Loss=0.5981 Batch_id=781 Accuracy=70.81: 100%|███████████████████████████████████████████████████████████████████████████████████████████████████████████████████████████████████████████████████| 782/782 [01:00<00:00, 12.92it/s] 
03102025-1613

Test set: Average loss: 0.6857, Accuracy: 7692/10000 (76.92%)

Validation Accuracy: 76.92% | Best Accuracy: 77.93%
-----------------------------------------------
EPOCH: 124
03102025-1613
Epoch 124 Loss=0.5692 Batch_id=781 Accuracy=70.77: 100%|███████████████████████████████████████████████████████████████████████████████████████████████████████████████████████████████████████████████████| 782/782 [00:59<00:00, 13.21it/s] 
03102025-1614

Test set: Average loss: 0.6678, Accuracy: 7745/10000 (77.45%)

Validation Accuracy: 77.45% | Best Accuracy: 77.93%
-----------------------------------------------
EPOCH: 125
03102025-1614
Epoch 125 Loss=1.1241 Batch_id=781 Accuracy=70.19: 100%|███████████████████████████████████████████████████████████████████████████████████████████████████████████████████████████████████████████████████| 782/782 [01:00<00:00, 13.00it/s] 
03102025-1615

Test set: Average loss: 0.6863, Accuracy: 7700/10000 (77.00%)

Validation Accuracy: 77.00% | Best Accuracy: 77.93%
-----------------------------------------------
EPOCH: 126
03102025-1615
Epoch 126 Loss=0.6905 Batch_id=781 Accuracy=70.54: 100%|███████████████████████████████████████████████████████████████████████████████████████████████████████████████████████████████████████████████████| 782/782 [01:00<00:00, 12.99it/s] 
03102025-1616

Test set: Average loss: 0.7840, Accuracy: 7329/10000 (73.29%)

Validation Accuracy: 73.29% | Best Accuracy: 77.93%
-----------------------------------------------
EPOCH: 127
03102025-1617
Epoch 127 Loss=1.5443 Batch_id=781 Accuracy=70.78: 100%|███████████████████████████████████████████████████████████████████████████████████████████████████████████████████████████████████████████████████| 782/782 [00:58<00:00, 13.40it/s] 
03102025-1618

Test set: Average loss: 0.7284, Accuracy: 7552/10000 (75.52%)

Validation Accuracy: 75.52% | Best Accuracy: 77.93%
-----------------------------------------------
EPOCH: 128
03102025-1618
Epoch 128 Loss=0.5897 Batch_id=781 Accuracy=71.10: 100%|███████████████████████████████████████████████████████████████████████████████████████████████████████████████████████████████████████████████████| 782/782 [00:58<00:00, 13.43it/s] 
03102025-1619

Test set: Average loss: 0.6754, Accuracy: 7675/10000 (76.75%)

Validation Accuracy: 76.75% | Best Accuracy: 77.93%
-----------------------------------------------
EPOCH: 129
03102025-1619
Epoch 129 Loss=0.7568 Batch_id=781 Accuracy=70.95: 100%|███████████████████████████████████████████████████████████████████████████████████████████████████████████████████████████████████████████████████| 782/782 [00:59<00:00, 13.18it/s] 
03102025-1620

Test set: Average loss: 0.8042, Accuracy: 7235/10000 (72.35%)

Validation Accuracy: 72.35% | Best Accuracy: 77.93%
-----------------------------------------------
EPOCH: 130
03102025-1621
Epoch 130 Loss=1.2962 Batch_id=781 Accuracy=70.86: 100%|███████████████████████████████████████████████████████████████████████████████████████████████████████████████████████████████████████████████████| 782/782 [00:59<00:00, 13.13it/s] 
03102025-1622

Test set: Average loss: 0.6610, Accuracy: 7813/10000 (78.13%)

Saved best model (acc=78.13%) to cifar10_best_model.pth
Validation Accuracy: 78.13% | Best Accuracy: 78.13%
-----------------------------------------------
EPOCH: 131
03102025-1622
Epoch 131 Loss=0.7136 Batch_id=781 Accuracy=71.18: 100%|███████████████████████████████████████████████████████████████████████████████████████████████████████████████████████████████████████████████████| 782/782 [01:00<00:00, 13.02it/s] 
03102025-1623

Test set: Average loss: 0.6152, Accuracy: 7922/10000 (79.22%)

Saved best model (acc=79.22%) to cifar10_best_model.pth
Validation Accuracy: 79.22% | Best Accuracy: 79.22%
-----------------------------------------------
EPOCH: 132
03102025-1623
Epoch 132 Loss=1.0398 Batch_id=781 Accuracy=70.88: 100%|███████████████████████████████████████████████████████████████████████████████████████████████████████████████████████████████████████████████████| 782/782 [00:58<00:00, 13.35it/s] 
03102025-1624

Test set: Average loss: 0.6262, Accuracy: 7862/10000 (78.62%)

Validation Accuracy: 78.62% | Best Accuracy: 79.22%
-----------------------------------------------
EPOCH: 133
03102025-1624
Epoch 133 Loss=1.3509 Batch_id=781 Accuracy=71.20: 100%|███████████████████████████████████████████████████████████████████████████████████████████████████████████████████████████████████████████████████| 782/782 [00:58<00:00, 13.40it/s] 
03102025-1625

Test set: Average loss: 0.6727, Accuracy: 7703/10000 (77.03%)

Validation Accuracy: 77.03% | Best Accuracy: 79.22%
-----------------------------------------------
EPOCH: 134
03102025-1626
Epoch 134 Loss=0.6725 Batch_id=781 Accuracy=71.58: 100%|███████████████████████████████████████████████████████████████████████████████████████████████████████████████████████████████████████████████████| 782/782 [00:58<00:00, 13.27it/s] 
03102025-1627

Test set: Average loss: 0.5907, Accuracy: 7995/10000 (79.95%)

Saved best model (acc=79.95%) to cifar10_best_model.pth
Validation Accuracy: 79.95% | Best Accuracy: 79.95%
-----------------------------------------------
EPOCH: 135
03102025-1627
Epoch 135 Loss=0.8703 Batch_id=781 Accuracy=71.82: 100%|███████████████████████████████████████████████████████████████████████████████████████████████████████████████████████████████████████████████████| 782/782 [00:58<00:00, 13.46it/s] 
03102025-1628

Test set: Average loss: 0.7280, Accuracy: 7575/10000 (75.75%)

Validation Accuracy: 75.75% | Best Accuracy: 79.95%
-----------------------------------------------
EPOCH: 136
03102025-1628
Epoch 136 Loss=0.6537 Batch_id=781 Accuracy=71.80: 100%|███████████████████████████████████████████████████████████████████████████████████████████████████████████████████████████████████████████████████| 782/782 [00:58<00:00, 13.27it/s] 
03102025-1629

Test set: Average loss: 0.6174, Accuracy: 7904/10000 (79.04%)

Validation Accuracy: 79.04% | Best Accuracy: 79.95%
-----------------------------------------------
EPOCH: 137
03102025-1630
Epoch 137 Loss=0.7942 Batch_id=781 Accuracy=71.85: 100%|███████████████████████████████████████████████████████████████████████████████████████████████████████████████████████████████████████████████████| 782/782 [00:58<00:00, 13.26it/s] 
03102025-1631

Test set: Average loss: 0.6070, Accuracy: 7917/10000 (79.17%)

Validation Accuracy: 79.17% | Best Accuracy: 79.95%
-----------------------------------------------
EPOCH: 138
03102025-1631
Epoch 138 Loss=0.9053 Batch_id=781 Accuracy=71.98: 100%|███████████████████████████████████████████████████████████████████████████████████████████████████████████████████████████████████████████████████| 782/782 [01:01<00:00, 12.81it/s] 
03102025-1632

Test set: Average loss: 0.5892, Accuracy: 7993/10000 (79.93%)

Validation Accuracy: 79.93% | Best Accuracy: 79.95%
-----------------------------------------------
EPOCH: 139
03102025-1632
Epoch 139 Loss=0.9080 Batch_id=781 Accuracy=72.04: 100%|███████████████████████████████████████████████████████████████████████████████████████████████████████████████████████████████████████████████████| 782/782 [00:58<00:00, 13.41it/s] 
03102025-1633

Test set: Average loss: 0.7438, Accuracy: 7617/10000 (76.17%)

Validation Accuracy: 76.17% | Best Accuracy: 79.95%
-----------------------------------------------
EPOCH: 140
03102025-1633
Epoch 140 Loss=1.2927 Batch_id=781 Accuracy=71.94: 100%|███████████████████████████████████████████████████████████████████████████████████████████████████████████████████████████████████████████████████| 782/782 [00:59<00:00, 13.14it/s] 
03102025-1634

Test set: Average loss: 0.6751, Accuracy: 7726/10000 (77.26%)

Validation Accuracy: 77.26% | Best Accuracy: 79.95%
-----------------------------------------------
EPOCH: 141
03102025-1635
Epoch 141 Loss=0.6261 Batch_id=781 Accuracy=72.12: 100%|███████████████████████████████████████████████████████████████████████████████████████████████████████████████████████████████████████████████████| 782/782 [00:58<00:00, 13.44it/s] 
03102025-1636

Test set: Average loss: 0.6324, Accuracy: 7860/10000 (78.60%)

Validation Accuracy: 78.60% | Best Accuracy: 79.95%
-----------------------------------------------
EPOCH: 142
03102025-1636
Epoch 142 Loss=1.1168 Batch_id=781 Accuracy=72.21: 100%|███████████████████████████████████████████████████████████████████████████████████████████████████████████████████████████████████████████████████| 782/782 [01:00<00:00, 13.01it/s] 
03102025-1637

Test set: Average loss: 0.6615, Accuracy: 7736/10000 (77.36%)

Validation Accuracy: 77.36% | Best Accuracy: 79.95%
-----------------------------------------------
EPOCH: 143
03102025-1637
Epoch 143 Loss=0.5852 Batch_id=781 Accuracy=72.46: 100%|███████████████████████████████████████████████████████████████████████████████████████████████████████████████████████████████████████████████████| 782/782 [00:59<00:00, 13.25it/s] 
03102025-1638

Test set: Average loss: 0.5867, Accuracy: 7991/10000 (79.91%)

Validation Accuracy: 79.91% | Best Accuracy: 79.95%
-----------------------------------------------
EPOCH: 144
03102025-1639
Epoch 144 Loss=0.4166 Batch_id=781 Accuracy=72.56: 100%|███████████████████████████████████████████████████████████████████████████████████████████████████████████████████████████████████████████████████| 782/782 [00:59<00:00, 13.14it/s] 
03102025-1640

Test set: Average loss: 0.6709, Accuracy: 7761/10000 (77.61%)

Validation Accuracy: 77.61% | Best Accuracy: 79.95%
-----------------------------------------------
EPOCH: 145
03102025-1640
Epoch 145 Loss=0.5378 Batch_id=781 Accuracy=72.38: 100%|███████████████████████████████████████████████████████████████████████████████████████████████████████████████████████████████████████████████████| 782/782 [00:59<00:00, 13.13it/s] 
03102025-1641

Test set: Average loss: 0.5908, Accuracy: 7971/10000 (79.71%)

Validation Accuracy: 79.71% | Best Accuracy: 79.95%
-----------------------------------------------
EPOCH: 146
03102025-1641
Epoch 146 Loss=0.7865 Batch_id=781 Accuracy=72.57: 100%|███████████████████████████████████████████████████████████████████████████████████████████████████████████████████████████████████████████████████| 782/782 [00:58<00:00, 13.34it/s] 
03102025-1642

Test set: Average loss: 0.6122, Accuracy: 7920/10000 (79.20%)

Validation Accuracy: 79.20% | Best Accuracy: 79.95%
-----------------------------------------------
EPOCH: 147
03102025-1642
Epoch 147 Loss=0.6091 Batch_id=781 Accuracy=72.59: 100%|███████████████████████████████████████████████████████████████████████████████████████████████████████████████████████████████████████████████████| 782/782 [00:58<00:00, 13.46it/s] 
03102025-1643

Test set: Average loss: 0.6268, Accuracy: 7922/10000 (79.22%)

Validation Accuracy: 79.22% | Best Accuracy: 79.95%
-----------------------------------------------
EPOCH: 148
03102025-1644
Epoch 148 Loss=0.5809 Batch_id=781 Accuracy=73.20: 100%|███████████████████████████████████████████████████████████████████████████████████████████████████████████████████████████████████████████████████| 782/782 [01:00<00:00, 13.02it/s] 
03102025-1645

Test set: Average loss: 0.6066, Accuracy: 7930/10000 (79.30%)

Validation Accuracy: 79.30% | Best Accuracy: 79.95%
-----------------------------------------------
EPOCH: 149
03102025-1645
Epoch 149 Loss=0.4855 Batch_id=781 Accuracy=73.31: 100%|███████████████████████████████████████████████████████████████████████████████████████████████████████████████████████████████████████████████████| 782/782 [00:58<00:00, 13.39it/s] 
03102025-1646

Test set: Average loss: 0.5905, Accuracy: 7970/10000 (79.70%)

Validation Accuracy: 79.70% | Best Accuracy: 79.95%
-----------------------------------------------
EPOCH: 150
03102025-1646
Epoch 150 Loss=0.9561 Batch_id=781 Accuracy=73.23: 100%|███████████████████████████████████████████████████████████████████████████████████████████████████████████████████████████████████████████████████| 782/782 [00:59<00:00, 13.25it/s] 
03102025-1647

Test set: Average loss: 0.6126, Accuracy: 7947/10000 (79.47%)

Validation Accuracy: 79.47% | Best Accuracy: 79.95%
-----------------------------------------------
EPOCH: 151
03102025-1648
Epoch 151 Loss=1.2265 Batch_id=781 Accuracy=73.73: 100%|███████████████████████████████████████████████████████████████████████████████████████████████████████████████████████████████████████████████████| 782/782 [01:03<00:00, 12.29it/s] 
03102025-1649

Test set: Average loss: 0.6023, Accuracy: 7938/10000 (79.38%)

Validation Accuracy: 79.38% | Best Accuracy: 79.95%
-----------------------------------------------
EPOCH: 152
03102025-1649
Epoch 152 Loss=0.4742 Batch_id=781 Accuracy=73.54: 100%|███████████████████████████████████████████████████████████████████████████████████████████████████████████████████████████████████████████████████| 782/782 [00:58<00:00, 13.30it/s] 
03102025-1650

Test set: Average loss: 0.5659, Accuracy: 8055/10000 (80.55%)

Saved best model (acc=80.55%) to cifar10_best_model.pth
Validation Accuracy: 80.55% | Best Accuracy: 80.55%
-----------------------------------------------
EPOCH: 153
03102025-1650
Epoch 153 Loss=1.1019 Batch_id=781 Accuracy=73.50: 100%|███████████████████████████████████████████████████████████████████████████████████████████████████████████████████████████████████████████████████| 782/782 [00:59<00:00, 13.10it/s] 
03102025-1651

Test set: Average loss: 0.5741, Accuracy: 8010/10000 (80.10%)

Validation Accuracy: 80.10% | Best Accuracy: 80.55%
-----------------------------------------------
EPOCH: 154
03102025-1652
Epoch 154 Loss=0.9356 Batch_id=781 Accuracy=73.68: 100%|███████████████████████████████████████████████████████████████████████████████████████████████████████████████████████████████████████████████████| 782/782 [00:58<00:00, 13.46it/s] 
03102025-1653

Test set: Average loss: 0.5970, Accuracy: 7995/10000 (79.95%)

Validation Accuracy: 79.95% | Best Accuracy: 80.55%
-----------------------------------------------
EPOCH: 155
03102025-1653
Epoch 155 Loss=0.8853 Batch_id=781 Accuracy=73.84: 100%|███████████████████████████████████████████████████████████████████████████████████████████████████████████████████████████████████████████████████| 782/782 [00:59<00:00, 13.25it/s] 
03102025-1654

Test set: Average loss: 0.6111, Accuracy: 7926/10000 (79.26%)

Validation Accuracy: 79.26% | Best Accuracy: 80.55%
-----------------------------------------------
EPOCH: 156
03102025-1654
Epoch 156 Loss=1.0584 Batch_id=781 Accuracy=74.03: 100%|███████████████████████████████████████████████████████████████████████████████████████████████████████████████████████████████████████████████████| 782/782 [01:07<00:00, 11.56it/s] 
03102025-1655

Test set: Average loss: 0.5408, Accuracy: 8155/10000 (81.55%)

Saved best model (acc=81.55%) to cifar10_best_model.pth
Validation Accuracy: 81.55% | Best Accuracy: 81.55%
-----------------------------------------------
EPOCH: 157
03102025-1656
Epoch 157 Loss=1.2297 Batch_id=781 Accuracy=74.15: 100%|███████████████████████████████████████████████████████████████████████████████████████████████████████████████████████████████████████████████████| 782/782 [01:08<00:00, 11.47it/s] 
03102025-1657

Test set: Average loss: 0.5411, Accuracy: 8177/10000 (81.77%)

Saved best model (acc=81.77%) to cifar10_best_model.pth
Validation Accuracy: 81.77% | Best Accuracy: 81.77%
-----------------------------------------------
EPOCH: 158
03102025-1657
Epoch 158 Loss=0.4163 Batch_id=781 Accuracy=74.38: 100%|███████████████████████████████████████████████████████████████████████████████████████████████████████████████████████████████████████████████████| 782/782 [00:59<00:00, 13.23it/s] 
03102025-1658

Test set: Average loss: 0.5407, Accuracy: 8148/10000 (81.48%)

Validation Accuracy: 81.48% | Best Accuracy: 81.77%
-----------------------------------------------
EPOCH: 159
03102025-1658
Epoch 159 Loss=0.2421 Batch_id=781 Accuracy=75.01: 100%|███████████████████████████████████████████████████████████████████████████████████████████████████████████████████████████████████████████████████| 782/782 [00:58<00:00, 13.44it/s] 
03102025-1659

Test set: Average loss: 0.5424, Accuracy: 8140/10000 (81.40%)

Validation Accuracy: 81.40% | Best Accuracy: 81.77%
-----------------------------------------------
EPOCH: 160
03102025-1700
Epoch 160 Loss=0.9853 Batch_id=781 Accuracy=74.82: 100%|███████████████████████████████████████████████████████████████████████████████████████████████████████████████████████████████████████████████████| 782/782 [00:57<00:00, 13.64it/s] 
03102025-1701

Test set: Average loss: 0.5062, Accuracy: 8242/10000 (82.42%)

Saved best model (acc=82.42%) to cifar10_best_model.pth
Validation Accuracy: 82.42% | Best Accuracy: 82.42%
-----------------------------------------------
EPOCH: 161
03102025-1701
Epoch 161 Loss=0.8117 Batch_id=781 Accuracy=75.11: 100%|███████████████████████████████████████████████████████████████████████████████████████████████████████████████████████████████████████████████████| 782/782 [00:58<00:00, 13.46it/s] 
03102025-1702

Test set: Average loss: 0.5224, Accuracy: 8245/10000 (82.45%)

Saved best model (acc=82.45%) to cifar10_best_model.pth
Validation Accuracy: 82.45% | Best Accuracy: 82.45%
-----------------------------------------------
EPOCH: 162
03102025-1702
Epoch 162 Loss=1.0378 Batch_id=781 Accuracy=75.36: 100%|███████████████████████████████████████████████████████████████████████████████████████████████████████████████████████████████████████████████████| 782/782 [01:00<00:00, 12.92it/s] 
03102025-1703

Test set: Average loss: 0.5639, Accuracy: 8101/10000 (81.01%)

Validation Accuracy: 81.01% | Best Accuracy: 82.45%
-----------------------------------------------
EPOCH: 163
03102025-1704
Epoch 163 Loss=0.5018 Batch_id=781 Accuracy=75.29: 100%|███████████████████████████████████████████████████████████████████████████████████████████████████████████████████████████████████████████████████| 782/782 [00:57<00:00, 13.53it/s] 
03102025-1705

Test set: Average loss: 0.5135, Accuracy: 8263/10000 (82.63%)

Saved best model (acc=82.63%) to cifar10_best_model.pth
Validation Accuracy: 82.63% | Best Accuracy: 82.63%
-----------------------------------------------
EPOCH: 164
03102025-1705
Epoch 164 Loss=0.9187 Batch_id=781 Accuracy=75.75: 100%|███████████████████████████████████████████████████████████████████████████████████████████████████████████████████████████████████████████████████| 782/782 [01:32<00:00,  8.41it/s] 
03102025-1706

Test set: Average loss: 0.4953, Accuracy: 8296/10000 (82.96%)

Saved best model (acc=82.96%) to cifar10_best_model.pth
Validation Accuracy: 82.96% | Best Accuracy: 82.96%
-----------------------------------------------
EPOCH: 165
03102025-1707
Epoch 165 Loss=0.5726 Batch_id=781 Accuracy=76.22: 100%|███████████████████████████████████████████████████████████████████████████████████████████████████████████████████████████████████████████████████| 782/782 [01:52<00:00,  6.94it/s] 
03102025-1709

Test set: Average loss: 0.5433, Accuracy: 8138/10000 (81.38%)

Validation Accuracy: 81.38% | Best Accuracy: 82.96%
-----------------------------------------------
EPOCH: 166
03102025-1709
Epoch 166 Loss=1.0375 Batch_id=781 Accuracy=76.00: 100%|███████████████████████████████████████████████████████████████████████████████████████████████████████████████████████████████████████████████████| 782/782 [01:01<00:00, 12.69it/s] 
03102025-1710

Test set: Average loss: 0.5001, Accuracy: 8326/10000 (83.26%)

Saved best model (acc=83.26%) to cifar10_best_model.pth
Validation Accuracy: 83.26% | Best Accuracy: 83.26%
-----------------------------------------------
EPOCH: 167
03102025-1710
Epoch 167 Loss=0.9563 Batch_id=781 Accuracy=76.22: 100%|███████████████████████████████████████████████████████████████████████████████████████████████████████████████████████████████████████████████████| 782/782 [01:02<00:00, 12.42it/s] 
03102025-1712

Test set: Average loss: 0.5029, Accuracy: 8290/10000 (82.90%)

Validation Accuracy: 82.90% | Best Accuracy: 83.26%
-----------------------------------------------
EPOCH: 168
03102025-1712
Epoch 168 Loss=0.9831 Batch_id=781 Accuracy=76.37: 100%|███████████████████████████████████████████████████████████████████████████████████████████████████████████████████████████████████████████████████| 782/782 [01:17<00:00, 10.13it/s] 
03102025-1713

Test set: Average loss: 0.5128, Accuracy: 8284/10000 (82.84%)

Validation Accuracy: 82.84% | Best Accuracy: 83.26%
-----------------------------------------------
EPOCH: 169
03102025-1714
Epoch 169 Loss=0.8044 Batch_id=781 Accuracy=76.95: 100%|███████████████████████████████████████████████████████████████████████████████████████████████████████████████████████████████████████████████████| 782/782 [01:08<00:00, 11.42it/s] 
03102025-1715

Test set: Average loss: 0.4770, Accuracy: 8377/10000 (83.77%)

Saved best model (acc=83.77%) to cifar10_best_model.pth
Validation Accuracy: 83.77% | Best Accuracy: 83.77%
-----------------------------------------------
EPOCH: 170
03102025-1715
Epoch 170 Loss=0.8242 Batch_id=781 Accuracy=77.08: 100%|███████████████████████████████████████████████████████████████████████████████████████████████████████████████████████████████████████████████████| 782/782 [01:03<00:00, 12.25it/s] 
03102025-1716

Test set: Average loss: 0.4894, Accuracy: 8365/10000 (83.65%)

Validation Accuracy: 83.65% | Best Accuracy: 83.77%
-----------------------------------------------
EPOCH: 171
03102025-1716
Epoch 171 Loss=0.8710 Batch_id=781 Accuracy=77.17: 100%|███████████████████████████████████████████████████████████████████████████████████████████████████████████████████████████████████████████████████| 782/782 [01:02<00:00, 12.52it/s] 
03102025-1717

Test set: Average loss: 0.4636, Accuracy: 8450/10000 (84.50%)

Saved best model (acc=84.50%) to cifar10_best_model.pth
Validation Accuracy: 84.50% | Best Accuracy: 84.50%
-----------------------------------------------
EPOCH: 172
03102025-1718
Epoch 172 Loss=1.3148 Batch_id=781 Accuracy=77.41: 100%|███████████████████████████████████████████████████████████████████████████████████████████████████████████████████████████████████████████████████| 782/782 [01:02<00:00, 12.52it/s] 
03102025-1719

Test set: Average loss: 0.4547, Accuracy: 8450/10000 (84.50%)

Validation Accuracy: 84.50% | Best Accuracy: 84.50%
-----------------------------------------------
EPOCH: 173
03102025-1719
Epoch 173 Loss=0.5023 Batch_id=781 Accuracy=77.78: 100%|███████████████████████████████████████████████████████████████████████████████████████████████████████████████████████████████████████████████████| 782/782 [01:02<00:00, 12.53it/s] 
03102025-1720

Test set: Average loss: 0.4402, Accuracy: 8482/10000 (84.82%)

Saved best model (acc=84.82%) to cifar10_best_model.pth
Validation Accuracy: 84.82% | Best Accuracy: 84.82%
03102025-1719

Test set: Average loss: 0.4547, Accuracy: 8450/10000 (84.50%)

Validation Accuracy: 84.50% | Best Accuracy: 84.50%
-----------------------------------------------
EPOCH: 173
03102025-1719
Epoch 173 Loss=0.5023 Batch_id=781 Accuracy=77.78: 100%|███████████████████████████████████████████████████████████████████████████████████████████████████████████████████████████████████████████████████| 782/782 [01:02<00:00, 12.53it/s] 
03102025-1720

Test set: Average loss: 0.4402, Accuracy: 8482/10000 (84.82%)

Saved best model (acc=84.82%) to cifar10_best_model.pth
Validation Accuracy: 84.82% | Best Accuracy: 84.82%
03102025-1719
Epoch 173 Loss=0.5023 Batch_id=781 Accuracy=77.78: 100%|███████████████████████████████████████████████████████████████████████████████████████████████████████████████████████████████████████████████████| 782/782 [01:02<00:00, 12.53it/s] 
03102025-1720

Test set: Average loss: 0.4402, Accuracy: 8482/10000 (84.82%)

Saved best model (acc=84.82%) to cifar10_best_model.pth
Validation Accuracy: 84.82% | Best Accuracy: 84.82%
-----------------------------------------------
Saved best model (acc=84.82%) to cifar10_best_model.pth
Validation Accuracy: 84.82% | Best Accuracy: 84.82%
-----------------------------------------------
-----------------------------------------------
EPOCH: 174
EPOCH: 174
03102025-1720
Epoch 174 Loss=0.6432 Batch_id=781 Accuracy=77.87: 100%|███████████████████████████████████████████████████████████████████████████████████████████████████████████████████████████████████████████████████| 782/782 [01:06<00:00, 11.84it/s] 
03102025-1722

Test set: Average loss: 0.4493, Accuracy: 8447/10000 (84.47%)
Epoch 174 Loss=0.6432 Batch_id=781 Accuracy=77.87: 100%|███████████████████████████████████████████████████████████████████████████████████████████████████████████████████████████████████████████████████| 782/782 [01:06<00:00, 11.84it/s] 
03102025-1722

Test set: Average loss: 0.4493, Accuracy: 8447/10000 (84.47%)

03102025-1722

Test set: Average loss: 0.4493, Accuracy: 8447/10000 (84.47%)


Validation Accuracy: 84.47% | Best Accuracy: 84.82%
Validation Accuracy: 84.47% | Best Accuracy: 84.82%
-----------------------------------------------
EPOCH: 175
03102025-1722
03102025-1722
Epoch 175 Loss=0.7803 Batch_id=781 Accuracy=78.28: 100%|███████████████████████████████████████████████████████████████████████████████████████████████████████████████████████████████████████████████████| 782/782 [01:02<00:00, 12.47it/s] 
03102025-1723

Test set: Average loss: 0.4428, Accuracy: 8507/10000 (85.07%)

Test set: Average loss: 0.4428, Accuracy: 8507/10000 (85.07%)
Test set: Average loss: 0.4428, Accuracy: 8507/10000 (85.07%)

Saved best model (acc=85.07%) to cifar10_best_model.pth
Validation Accuracy: 85.07% | Best Accuracy: 85.07%
Target reached! Accuracy = 85.07% at epoch 175
Plot saved as training_results-03102025-1723.png
(.venv) PS C:\Raghu\MyLearnings\ERA_V4\S7-27092025\cifar10_image_classication>