Epoch 99 Loss=0.7131 Batch_id=781 Accuracy=78.71: 100%|█████████████████████████████████████████████████████████████████████████████████████████████████████████████████████████| 782/782 [00:38<00:00, 20.46it/s] 
03102025-0119

Test set: Average loss: 0.6162, Accuracy: 7895/10000 (78.95%)

Validation Accuracy: 78.95% | Best Accuracy: 80.66%
-----------------------------------------------
-----------------------------------------------
EPOCH: 100
03102025-0119
Epoch 100 Loss=0.3721 Batch_id=781 Accuracy=79.11: 100%|████████████████████████████████████████████████████████████████████████████████████████████████████████████████████████| 782/782 [00:38<00:00, 20.16it/s] 
03102025-0120

Test set: Average loss: 0.6434, Accuracy: 7853/10000 (78.53%)

Validation Accuracy: 78.53% | Best Accuracy: 80.66%
-----------------------------------------------
-----------------------------------------------
EPOCH: 101
03102025-0120
Epoch 101 Loss=0.8354 Batch_id=781 Accuracy=79.26: 100%|████████████████████████████████████████████████████████████████████████████████████████████████████████████████████████| 782/782 [00:38<00:00, 20.39it/s] 
03102025-0121

Test set: Average loss: 0.5809, Accuracy: 8014/10000 (80.14%)

Validation Accuracy: 80.14% | Best Accuracy: 80.66%
-----------------------------------------------
-----------------------------------------------
EPOCH: 102
03102025-0121
Epoch 102 Loss=0.8374 Batch_id=781 Accuracy=78.91: 100%|████████████████████████████████████████████████████████████████████████████████████████████████████████████████████████| 782/782 [00:38<00:00, 20.45it/s] 
03102025-0122

Test set: Average loss: 0.6417, Accuracy: 7866/10000 (78.66%)

Validation Accuracy: 78.66% | Best Accuracy: 80.66%
-----------------------------------------------
-----------------------------------------------
EPOCH: 103
03102025-0122
Epoch 103 Loss=1.0066 Batch_id=781 Accuracy=78.87: 100%|████████████████████████████████████████████████████████████████████████████████████████████████████████████████████████| 782/782 [00:38<00:00, 20.36it/s] 
03102025-0123

Test set: Average loss: 0.6354, Accuracy: 7864/10000 (78.64%)

Validation Accuracy: 78.64% | Best Accuracy: 80.66%
-----------------------------------------------
-----------------------------------------------
EPOCH: 104
03102025-0123
Epoch 104 Loss=0.4691 Batch_id=781 Accuracy=79.10: 100%|████████████████████████████████████████████████████████████████████████████████████████████████████████████████████████| 782/782 [00:38<00:00, 20.34it/s] 
03102025-0124

Test set: Average loss: 0.5976, Accuracy: 8000/10000 (80.00%)

Validation Accuracy: 80.00% | Best Accuracy: 80.66%
-----------------------------------------------
-----------------------------------------------
EPOCH: 105
03102025-0124
Epoch 105 Loss=1.1013 Batch_id=781 Accuracy=79.30: 100%|████████████████████████████████████████████████████████████████████████████████████████████████████████████████████████| 782/782 [00:37<00:00, 20.81it/s] 
03102025-0124

Test set: Average loss: 0.5814, Accuracy: 7989/10000 (79.89%)

Validation Accuracy: 79.89% | Best Accuracy: 80.66%
-----------------------------------------------
-----------------------------------------------
EPOCH: 106
03102025-0125
Epoch 106 Loss=0.8911 Batch_id=781 Accuracy=79.56: 100%|████████████████████████████████████████████████████████████████████████████████████████████████████████████████████████| 782/782 [00:38<00:00, 20.56it/s] 
03102025-0125

Test set: Average loss: 0.5937, Accuracy: 8047/10000 (80.47%)

Validation Accuracy: 80.47% | Best Accuracy: 80.66%
-----------------------------------------------
-----------------------------------------------
EPOCH: 107
03102025-0126
Epoch 107 Loss=0.9356 Batch_id=781 Accuracy=79.12: 100%|████████████████████████████████████████████████████████████████████████████████████████████████████████████████████████| 782/782 [00:37<00:00, 20.62it/s] 
03102025-0126

Test set: Average loss: 0.6277, Accuracy: 7901/10000 (79.01%)

Validation Accuracy: 79.01% | Best Accuracy: 80.66%
-----------------------------------------------
-----------------------------------------------
EPOCH: 108
03102025-0126
Epoch 108 Loss=0.4930 Batch_id=781 Accuracy=79.27: 100%|████████████████████████████████████████████████████████████████████████████████████████████████████████████████████████| 782/782 [00:38<00:00, 20.56it/s] 
03102025-0127

Test set: Average loss: 0.5826, Accuracy: 8036/10000 (80.36%)

Validation Accuracy: 80.36% | Best Accuracy: 80.66%
-----------------------------------------------
-----------------------------------------------
EPOCH: 109
03102025-0127
Epoch 109 Loss=0.9404 Batch_id=781 Accuracy=79.27: 100%|████████████████████████████████████████████████████████████████████████████████████████████████████████████████████████| 782/782 [00:38<00:00, 20.42it/s] 
03102025-0128

Test set: Average loss: 0.6117, Accuracy: 7957/10000 (79.57%)

Validation Accuracy: 79.57% | Best Accuracy: 80.66%
-----------------------------------------------
-----------------------------------------------
EPOCH: 110
03102025-0128
Epoch 110 Loss=0.5589 Batch_id=781 Accuracy=79.54: 100%|████████████████████████████████████████████████████████████████████████████████████████████████████████████████████████| 782/782 [00:37<00:00, 20.60it/s] 
03102025-0129

Test set: Average loss: 0.5846, Accuracy: 8022/10000 (80.22%)

Validation Accuracy: 80.22% | Best Accuracy: 80.66%
-----------------------------------------------
-----------------------------------------------
EPOCH: 111
03102025-0129
Epoch 111 Loss=0.2935 Batch_id=781 Accuracy=79.36: 100%|████████████████████████████████████████████████████████████████████████████████████████████████████████████████████████| 782/782 [00:37<00:00, 20.76it/s] 
03102025-0130

Test set: Average loss: 0.5849, Accuracy: 8070/10000 (80.70%)

Validation Accuracy: 80.70% | Best Accuracy: 80.70%
-----------------------------------------------
-----------------------------------------------
EPOCH: 112
03102025-0130
Epoch 112 Loss=0.6811 Batch_id=781 Accuracy=79.72: 100%|████████████████████████████████████████████████████████████████████████████████████████████████████████████████████████| 782/782 [00:37<00:00, 20.65it/s] 
03102025-0131

Test set: Average loss: 0.5960, Accuracy: 7988/10000 (79.88%)

Validation Accuracy: 79.88% | Best Accuracy: 80.70%
-----------------------------------------------
-----------------------------------------------
EPOCH: 113
03102025-0131
Epoch 113 Loss=1.3941 Batch_id=781 Accuracy=79.21: 100%|████████████████████████████████████████████████████████████████████████████████████████████████████████████████████████| 782/782 [00:37<00:00, 20.71it/s] 
03102025-0131

Test set: Average loss: 0.5948, Accuracy: 8013/10000 (80.13%)

Validation Accuracy: 80.13% | Best Accuracy: 80.70%
-----------------------------------------------
-----------------------------------------------
EPOCH: 114
03102025-0132
Epoch 114 Loss=0.6782 Batch_id=781 Accuracy=79.38: 100%|████████████████████████████████████████████████████████████████████████████████████████████████████████████████████████| 782/782 [00:37<00:00, 20.65it/s] 
03102025-0132

Test set: Average loss: 0.6164, Accuracy: 7920/10000 (79.20%)

Validation Accuracy: 79.20% | Best Accuracy: 80.70%
-----------------------------------------------
-----------------------------------------------
EPOCH: 115
03102025-0133
Epoch 115 Loss=0.9752 Batch_id=781 Accuracy=79.57: 100%|████████████████████████████████████████████████████████████████████████████████████████████████████████████████████████| 782/782 [00:38<00:00, 20.53it/s] 
03102025-0133

Test set: Average loss: 0.5817, Accuracy: 8001/10000 (80.01%)

Validation Accuracy: 80.01% | Best Accuracy: 80.70%
-----------------------------------------------
-----------------------------------------------
EPOCH: 116
03102025-0133
Epoch 116 Loss=0.8884 Batch_id=781 Accuracy=79.95: 100%|████████████████████████████████████████████████████████████████████████████████████████████████████████████████████████| 782/782 [00:37<00:00, 20.67it/s] 
03102025-0134

Test set: Average loss: 0.5964, Accuracy: 8034/10000 (80.34%)

Validation Accuracy: 80.34% | Best Accuracy: 80.70%
-----------------------------------------------
-----------------------------------------------
EPOCH: 117
03102025-0134
Epoch 117 Loss=0.6481 Batch_id=781 Accuracy=79.69: 100%|████████████████████████████████████████████████████████████████████████████████████████████████████████████████████████| 782/782 [00:38<00:00, 20.52it/s] 
03102025-0135

Test set: Average loss: 0.5812, Accuracy: 8051/10000 (80.51%)

Validation Accuracy: 80.51% | Best Accuracy: 80.70%
-----------------------------------------------
-----------------------------------------------
EPOCH: 118
03102025-0135
Epoch 118 Loss=0.7783 Batch_id=781 Accuracy=79.80: 100%|████████████████████████████████████████████████████████████████████████████████████████████████████████████████████████| 782/782 [00:37<00:00, 20.74it/s] 
03102025-0136

Test set: Average loss: 0.5731, Accuracy: 8119/10000 (81.19%)

Validation Accuracy: 81.19% | Best Accuracy: 81.19%
-----------------------------------------------
-----------------------------------------------
EPOCH: 119
03102025-0136
Epoch 119 Loss=0.2472 Batch_id=781 Accuracy=79.68: 100%|████████████████████████████████████████████████████████████████████████████████████████████████████████████████████████| 782/782 [00:37<00:00, 20.62it/s] 
03102025-0137

Test set: Average loss: 0.6076, Accuracy: 7987/10000 (79.87%)

Validation Accuracy: 79.87% | Best Accuracy: 81.19%
-----------------------------------------------
-----------------------------------------------
EPOCH: 120
03102025-0137
Epoch 120 Loss=0.4917 Batch_id=781 Accuracy=79.85: 100%|████████████████████████████████████████████████████████████████████████████████████████████████████████████████████████| 782/782 [00:38<00:00, 20.57it/s] 
03102025-0138

Test set: Average loss: 0.5960, Accuracy: 8009/10000 (80.09%)

Validation Accuracy: 80.09% | Best Accuracy: 81.19%
-----------------------------------------------
-----------------------------------------------
EPOCH: 121
03102025-0138
Epoch 121 Loss=0.7320 Batch_id=781 Accuracy=79.86: 100%|████████████████████████████████████████████████████████████████████████████████████████████████████████████████████████| 782/782 [00:38<00:00, 20.56it/s] 
03102025-0138

Test set: Average loss: 0.6001, Accuracy: 7998/10000 (79.98%)

Validation Accuracy: 79.98% | Best Accuracy: 81.19%
-----------------------------------------------
-----------------------------------------------
EPOCH: 122
03102025-0139
Epoch 122 Loss=0.7367 Batch_id=781 Accuracy=80.24: 100%|████████████████████████████████████████████████████████████████████████████████████████████████████████████████████████| 782/782 [00:37<00:00, 20.79it/s] 
03102025-0139

Test set: Average loss: 0.5936, Accuracy: 8030/10000 (80.30%)

Validation Accuracy: 80.30% | Best Accuracy: 81.19%
-----------------------------------------------
-----------------------------------------------
EPOCH: 123
03102025-0140
Epoch 123 Loss=0.9308 Batch_id=781 Accuracy=80.18: 100%|████████████████████████████████████████████████████████████████████████████████████████████████████████████████████████| 782/782 [00:37<00:00, 20.60it/s] 
03102025-0140

Test set: Average loss: 0.5794, Accuracy: 8059/10000 (80.59%)

Validation Accuracy: 80.59% | Best Accuracy: 81.19%
-----------------------------------------------
-----------------------------------------------
EPOCH: 124
03102025-0140
Epoch 124 Loss=0.9582 Batch_id=781 Accuracy=80.05: 100%|████████████████████████████████████████████████████████████████████████████████████████████████████████████████████████| 782/782 [00:37<00:00, 20.77it/s] 
03102025-0141

Test set: Average loss: 0.5877, Accuracy: 8051/10000 (80.51%)

Validation Accuracy: 80.51% | Best Accuracy: 81.19%
-----------------------------------------------
-----------------------------------------------
EPOCH: 125
03102025-0141
Epoch 125 Loss=0.4515 Batch_id=781 Accuracy=80.22: 100%|████████████████████████████████████████████████████████████████████████████████████████████████████████████████████████| 782/782 [00:38<00:00, 20.56it/s] 
03102025-0142

Test set: Average loss: 0.6128, Accuracy: 7937/10000 (79.37%)

Validation Accuracy: 79.37% | Best Accuracy: 81.19%
-----------------------------------------------
-----------------------------------------------
EPOCH: 126
03102025-0142
Epoch 126 Loss=0.5365 Batch_id=781 Accuracy=80.40: 100%|████████████████████████████████████████████████████████████████████████████████████████████████████████████████████████| 782/782 [00:38<00:00, 20.55it/s] 
03102025-0143

Test set: Average loss: 0.6067, Accuracy: 7994/10000 (79.94%)

Validation Accuracy: 79.94% | Best Accuracy: 81.19%
-----------------------------------------------
-----------------------------------------------
EPOCH: 127
03102025-0143
Epoch 127 Loss=0.7963 Batch_id=781 Accuracy=80.32: 100%|████████████████████████████████████████████████████████████████████████████████████████████████████████████████████████| 782/782 [00:38<00:00, 20.33it/s] 
03102025-0144

Test set: Average loss: 0.5969, Accuracy: 8047/10000 (80.47%)

Validation Accuracy: 80.47% | Best Accuracy: 81.19%
-----------------------------------------------
-----------------------------------------------
EPOCH: 128
03102025-0144
Epoch 128 Loss=0.5077 Batch_id=781 Accuracy=80.39: 100%|████████████████████████████████████████████████████████████████████████████████████████████████████████████████████████| 782/782 [00:37<00:00, 20.80it/s] 
03102025-0145

Test set: Average loss: 0.5854, Accuracy: 8022/10000 (80.22%)

Validation Accuracy: 80.22% | Best Accuracy: 81.19%
-----------------------------------------------
-----------------------------------------------
EPOCH: 129
03102025-0145
Epoch 129 Loss=0.5367 Batch_id=781 Accuracy=80.56: 100%|████████████████████████████████████████████████████████████████████████████████████████████████████████████████████████| 782/782 [00:37<00:00, 20.65it/s] 
03102025-0145

Test set: Average loss: 0.5907, Accuracy: 7993/10000 (79.93%)

Validation Accuracy: 79.93% | Best Accuracy: 81.19%
-----------------------------------------------
-----------------------------------------------
EPOCH: 130
03102025-0146
Epoch 130 Loss=0.4401 Batch_id=781 Accuracy=80.45: 100%|████████████████████████████████████████████████████████████████████████████████████████████████████████████████████████| 782/782 [00:37<00:00, 20.63it/s] 
03102025-0146

Test set: Average loss: 0.6076, Accuracy: 8003/10000 (80.03%)

Validation Accuracy: 80.03% | Best Accuracy: 81.19%
-----------------------------------------------
-----------------------------------------------
EPOCH: 131
03102025-0147
Epoch 131 Loss=0.3671 Batch_id=781 Accuracy=80.51: 100%|████████████████████████████████████████████████████████████████████████████████████████████████████████████████████████| 782/782 [00:37<00:00, 20.66it/s] 
03102025-0147

Test set: Average loss: 0.6034, Accuracy: 7967/10000 (79.67%)

Validation Accuracy: 79.67% | Best Accuracy: 81.19%
-----------------------------------------------
-----------------------------------------------
EPOCH: 132
03102025-0147
Epoch 132 Loss=0.7940 Batch_id=781 Accuracy=80.88: 100%|████████████████████████████████████████████████████████████████████████████████████████████████████████████████████████| 782/782 [00:37<00:00, 20.65it/s] 
03102025-0148

Test set: Average loss: 0.6214, Accuracy: 7951/10000 (79.51%)

Validation Accuracy: 79.51% | Best Accuracy: 81.19%
-----------------------------------------------
-----------------------------------------------
EPOCH: 133
03102025-0148
Epoch 133 Loss=0.7687 Batch_id=781 Accuracy=80.66: 100%|████████████████████████████████████████████████████████████████████████████████████████████████████████████████████████| 782/782 [00:37<00:00, 20.82it/s] 
03102025-0149

Test set: Average loss: 0.5805, Accuracy: 8053/10000 (80.53%)

Validation Accuracy: 80.53% | Best Accuracy: 81.19%
-----------------------------------------------
-----------------------------------------------
EPOCH: 134
03102025-0149
Epoch 134 Loss=0.4127 Batch_id=781 Accuracy=80.90: 100%|████████████████████████████████████████████████████████████████████████████████████████████████████████████████████████| 782/782 [00:38<00:00, 20.48it/s] 
03102025-0150

Test set: Average loss: 0.6103, Accuracy: 7973/10000 (79.73%)

Validation Accuracy: 79.73% | Best Accuracy: 81.19%
-----------------------------------------------
-----------------------------------------------
EPOCH: 135
03102025-0150
Epoch 135 Loss=0.9258 Batch_id=781 Accuracy=80.71: 100%|████████████████████████████████████████████████████████████████████████████████████████████████████████████████████████| 782/782 [00:38<00:00, 20.54it/s] 
03102025-0151

Test set: Average loss: 0.5772, Accuracy: 8076/10000 (80.76%)

Validation Accuracy: 80.76% | Best Accuracy: 81.19%
-----------------------------------------------
-----------------------------------------------
EPOCH: 136
03102025-0151
Epoch 136 Loss=0.3754 Batch_id=781 Accuracy=80.83: 100%|████████████████████████████████████████████████████████████████████████████████████████████████████████████████████████| 782/782 [00:38<00:00, 20.54it/s] 
03102025-0152

Test set: Average loss: 0.5789, Accuracy: 8072/10000 (80.72%)

Validation Accuracy: 80.72% | Best Accuracy: 81.19%
-----------------------------------------------
-----------------------------------------------
EPOCH: 137
03102025-0152
Epoch 137 Loss=0.8551 Batch_id=781 Accuracy=80.88: 100%|████████████████████████████████████████████████████████████████████████████████████████████████████████████████████████| 782/782 [00:37<00:00, 20.88it/s] 
03102025-0152

Test set: Average loss: 0.5902, Accuracy: 8042/10000 (80.42%)

Validation Accuracy: 80.42% | Best Accuracy: 81.19%
-----------------------------------------------
-----------------------------------------------
EPOCH: 138
03102025-0153
Epoch 138 Loss=0.6816 Batch_id=781 Accuracy=80.94: 100%|████████████████████████████████████████████████████████████████████████████████████████████████████████████████████████| 782/782 [00:38<00:00, 20.52it/s] 
03102025-0153

Test set: Average loss: 0.5764, Accuracy: 8063/10000 (80.63%)

Validation Accuracy: 80.63% | Best Accuracy: 81.19%
-----------------------------------------------
-----------------------------------------------
EPOCH: 139
03102025-0154
Epoch 139 Loss=0.5534 Batch_id=781 Accuracy=81.13: 100%|████████████████████████████████████████████████████████████████████████████████████████████████████████████████████████| 782/782 [00:37<00:00, 20.92it/s] 
03102025-0154

Test set: Average loss: 0.5933, Accuracy: 7999/10000 (79.99%)

Validation Accuracy: 79.99% | Best Accuracy: 81.19%
-----------------------------------------------
-----------------------------------------------
EPOCH: 140
03102025-0154
Epoch 140 Loss=0.6575 Batch_id=781 Accuracy=81.03: 100%|████████████████████████████████████████████████████████████████████████████████████████████████████████████████████████| 782/782 [00:38<00:00, 20.52it/s] 
03102025-0155

Test set: Average loss: 0.5926, Accuracy: 8017/10000 (80.17%)

Validation Accuracy: 80.17% | Best Accuracy: 81.19%
-----------------------------------------------
-----------------------------------------------
EPOCH: 141
03102025-0155
Epoch 141 Loss=0.2836 Batch_id=781 Accuracy=81.29: 100%|████████████████████████████████████████████████████████████████████████████████████████████████████████████████████████| 782/782 [00:37<00:00, 20.66it/s] 
03102025-0156

Test set: Average loss: 0.5912, Accuracy: 8017/10000 (80.17%)

Validation Accuracy: 80.17% | Best Accuracy: 81.19%
-----------------------------------------------
-----------------------------------------------
EPOCH: 142
03102025-0156
Epoch 142 Loss=0.3187 Batch_id=781 Accuracy=81.25: 100%|████████████████████████████████████████████████████████████████████████████████████████████████████████████████████████| 782/782 [00:38<00:00, 20.52it/s] 
03102025-0157

Test set: Average loss: 0.5683, Accuracy: 8068/10000 (80.68%)

Validation Accuracy: 80.68% | Best Accuracy: 81.19%
-----------------------------------------------
-----------------------------------------------
EPOCH: 143
03102025-0157
Epoch 143 Loss=0.5981 Batch_id=781 Accuracy=81.39: 100%|████████████████████████████████████████████████████████████████████████████████████████████████████████████████████████| 782/782 [00:38<00:00, 20.48it/s] 
03102025-0158

Test set: Average loss: 0.5774, Accuracy: 8067/10000 (80.67%)

Validation Accuracy: 80.67% | Best Accuracy: 81.19%
-----------------------------------------------
-----------------------------------------------
EPOCH: 144
03102025-0158
Epoch 144 Loss=0.4201 Batch_id=781 Accuracy=81.54: 100%|████████████████████████████████████████████████████████████████████████████████████████████████████████████████████████| 782/782 [00:38<00:00, 20.52it/s] 
03102025-0159

Test set: Average loss: 0.5856, Accuracy: 8035/10000 (80.35%)

Validation Accuracy: 80.35% | Best Accuracy: 81.19%
-----------------------------------------------
-----------------------------------------------
EPOCH: 145
03102025-0159
Epoch 145 Loss=0.2970 Batch_id=781 Accuracy=81.54: 100%|████████████████████████████████████████████████████████████████████████████████████████████████████████████████████████| 782/782 [00:37<00:00, 20.64it/s] 
03102025-0159

Test set: Average loss: 0.5729, Accuracy: 8083/10000 (80.83%)

Validation Accuracy: 80.83% | Best Accuracy: 81.19%
-----------------------------------------------
-----------------------------------------------
EPOCH: 146
03102025-0200
Epoch 146 Loss=0.8735 Batch_id=781 Accuracy=81.76: 100%|████████████████████████████████████████████████████████████████████████████████████████████████████████████████████████| 782/782 [00:38<00:00, 20.44it/s] 
03102025-0200

Test set: Average loss: 0.5790, Accuracy: 8067/10000 (80.67%)

Validation Accuracy: 80.67% | Best Accuracy: 81.19%
-----------------------------------------------
-----------------------------------------------
EPOCH: 147
03102025-0201
Epoch 147 Loss=0.3386 Batch_id=781 Accuracy=81.80: 100%|████████████████████████████████████████████████████████████████████████████████████████████████████████████████████████| 782/782 [00:37<00:00, 20.69it/s] 
03102025-0201

Test set: Average loss: 0.5906, Accuracy: 8023/10000 (80.23%)

Validation Accuracy: 80.23% | Best Accuracy: 81.19%
-----------------------------------------------
-----------------------------------------------
EPOCH: 148
03102025-0201
Epoch 148 Loss=0.4774 Batch_id=781 Accuracy=82.33: 100%|████████████████████████████████████████████████████████████████████████████████████████████████████████████████████████| 782/782 [00:37<00:00, 20.61it/s] 
03102025-0202

Test set: Average loss: 0.5780, Accuracy: 8070/10000 (80.70%)

Validation Accuracy: 80.70% | Best Accuracy: 81.19%
-----------------------------------------------
-----------------------------------------------
EPOCH: 149
03102025-0202
Epoch 149 Loss=0.6189 Batch_id=781 Accuracy=81.98: 100%|████████████████████████████████████████████████████████████████████████████████████████████████████████████████████████| 782/782 [00:37<00:00, 20.89it/s] 
03102025-0203

Test set: Average loss: 0.5564, Accuracy: 8125/10000 (81.25%)

Validation Accuracy: 81.25% | Best Accuracy: 81.25%
-----------------------------------------------
-----------------------------------------------
EPOCH: 150
03102025-0203
Epoch 150 Loss=0.6041 Batch_id=781 Accuracy=82.51: 100%|████████████████████████████████████████████████████████████████████████████████████████████████████████████████████████| 782/782 [00:37<00:00, 20.64it/s] 
03102025-0204

Test set: Average loss: 0.5768, Accuracy: 8128/10000 (81.28%)

Validation Accuracy: 81.28% | Best Accuracy: 81.28%
-----------------------------------------------
-----------------------------------------------
EPOCH: 151
03102025-0204
Epoch 151 Loss=0.4623 Batch_id=781 Accuracy=82.21: 100%|████████████████████████████████████████████████████████████████████████████████████████████████████████████████████████| 782/782 [00:37<00:00, 20.88it/s] 
03102025-0205

Test set: Average loss: 0.5627, Accuracy: 8138/10000 (81.38%)

Validation Accuracy: 81.38% | Best Accuracy: 81.38%
-----------------------------------------------
-----------------------------------------------
EPOCH: 152
03102025-0205
Epoch 152 Loss=1.0783 Batch_id=781 Accuracy=82.33: 100%|████████████████████████████████████████████████████████████████████████████████████████████████████████████████████████| 782/782 [00:38<00:00, 20.55it/s] 
03102025-0206

Test set: Average loss: 0.5626, Accuracy: 8142/10000 (81.42%)

Validation Accuracy: 81.42% | Best Accuracy: 81.42%
-----------------------------------------------
-----------------------------------------------
EPOCH: 153
03102025-0206
Epoch 153 Loss=0.7640 Batch_id=781 Accuracy=82.63: 100%|████████████████████████████████████████████████████████████████████████████████████████████████████████████████████████| 782/782 [00:38<00:00, 20.53it/s] 
03102025-0206

Test set: Average loss: 0.5397, Accuracy: 8192/10000 (81.92%)

Validation Accuracy: 81.92% | Best Accuracy: 81.92%
-----------------------------------------------
-----------------------------------------------
EPOCH: 154
03102025-0207
Epoch 154 Loss=0.4583 Batch_id=781 Accuracy=82.78: 100%|████████████████████████████████████████████████████████████████████████████████████████████████████████████████████████| 782/782 [00:37<00:00, 20.82it/s] 
03102025-0207

Test set: Average loss: 0.5795, Accuracy: 8049/10000 (80.49%)

Validation Accuracy: 80.49% | Best Accuracy: 81.92%
-----------------------------------------------
-----------------------------------------------
EPOCH: 155
03102025-0207
Epoch 155 Loss=0.5113 Batch_id=781 Accuracy=82.91: 100%|████████████████████████████████████████████████████████████████████████████████████████████████████████████████████████| 782/782 [00:37<00:00, 21.06it/s] 
03102025-0208

Test set: Average loss: 0.5693, Accuracy: 8130/10000 (81.30%)

Validation Accuracy: 81.30% | Best Accuracy: 81.92%
-----------------------------------------------
-----------------------------------------------
EPOCH: 156
03102025-0208
Epoch 156 Loss=0.4644 Batch_id=781 Accuracy=82.79: 100%|████████████████████████████████████████████████████████████████████████████████████████████████████████████████████████| 782/782 [00:37<00:00, 21.01it/s] 
03102025-0209

Test set: Average loss: 0.5510, Accuracy: 8189/10000 (81.89%)

Validation Accuracy: 81.89% | Best Accuracy: 81.92%
-----------------------------------------------
-----------------------------------------------
EPOCH: 157
03102025-0209
Epoch 157 Loss=0.3315 Batch_id=781 Accuracy=82.76: 100%|████████████████████████████████████████████████████████████████████████████████████████████████████████████████████████| 782/782 [00:37<00:00, 20.85it/s] 
03102025-0210

Test set: Average loss: 0.5591, Accuracy: 8124/10000 (81.24%)

Validation Accuracy: 81.24% | Best Accuracy: 81.92%
-----------------------------------------------
-----------------------------------------------
EPOCH: 158
03102025-0210
Epoch 158 Loss=0.7813 Batch_id=781 Accuracy=82.97: 100%|████████████████████████████████████████████████████████████████████████████████████████████████████████████████████████| 782/782 [00:40<00:00, 19.27it/s] 
03102025-0211

Test set: Average loss: 0.5530, Accuracy: 8155/10000 (81.55%)

Validation Accuracy: 81.55% | Best Accuracy: 81.92%
-----------------------------------------------
-----------------------------------------------
EPOCH: 159
03102025-0211
Epoch 159 Loss=0.5672 Batch_id=781 Accuracy=83.20: 100%|████████████████████████████████████████████████████████████████████████████████████████████████████████████████████████| 782/782 [00:37<00:00, 20.64it/s] 
03102025-0212

Test set: Average loss: 0.5658, Accuracy: 8079/10000 (80.79%)

Validation Accuracy: 80.79% | Best Accuracy: 81.92%
-----------------------------------------------
-----------------------------------------------
EPOCH: 160
03102025-0212
Epoch 160 Loss=0.3253 Batch_id=781 Accuracy=83.21: 100%|████████████████████████████████████████████████████████████████████████████████████████████████████████████████████████| 782/782 [00:37<00:00, 20.80it/s] 
03102025-0212

Test set: Average loss: 0.5568, Accuracy: 8148/10000 (81.48%)

Validation Accuracy: 81.48% | Best Accuracy: 81.92%
-----------------------------------------------
-----------------------------------------------
EPOCH: 161
03102025-0213
Epoch 161 Loss=1.1854 Batch_id=781 Accuracy=83.35: 100%|████████████████████████████████████████████████████████████████████████████████████████████████████████████████████████| 782/782 [00:37<00:00, 20.93it/s] 
03102025-0213

Test set: Average loss: 0.5553, Accuracy: 8165/10000 (81.65%)

Validation Accuracy: 81.65% | Best Accuracy: 81.92%
-----------------------------------------------
-----------------------------------------------
EPOCH: 162
03102025-0214
Epoch 162 Loss=0.6601 Batch_id=781 Accuracy=83.68: 100%|████████████████████████████████████████████████████████████████████████████████████████████████████████████████████████| 782/782 [00:37<00:00, 20.89it/s] 
03102025-0214

Test set: Average loss: 0.5481, Accuracy: 8169/10000 (81.69%)

Validation Accuracy: 81.69% | Best Accuracy: 81.92%
-----------------------------------------------
-----------------------------------------------
EPOCH: 163
03102025-0214
Epoch 163 Loss=1.2766 Batch_id=781 Accuracy=83.67: 100%|████████████████████████████████████████████████████████████████████████████████████████████████████████████████████████| 782/782 [00:37<00:00, 20.71it/s] 
03102025-0215

Test set: Average loss: 0.5581, Accuracy: 8156/10000 (81.56%)

Validation Accuracy: 81.56% | Best Accuracy: 81.92%
-----------------------------------------------
-----------------------------------------------
EPOCH: 164
03102025-0215
Epoch 164 Loss=0.2498 Batch_id=781 Accuracy=83.69: 100%|████████████████████████████████████████████████████████████████████████████████████████████████████████████████████████| 782/782 [00:37<00:00, 20.67it/s] 
03102025-0216

Test set: Average loss: 0.5511, Accuracy: 8176/10000 (81.76%)

Validation Accuracy: 81.76% | Best Accuracy: 81.92%
-----------------------------------------------
-----------------------------------------------
EPOCH: 165
03102025-0216
Epoch 165 Loss=0.7326 Batch_id=781 Accuracy=83.91: 100%|████████████████████████████████████████████████████████████████████████████████████████████████████████████████████████| 782/782 [00:37<00:00, 20.67it/s] 
03102025-0217

Test set: Average loss: 0.5452, Accuracy: 8193/10000 (81.93%)

Validation Accuracy: 81.93% | Best Accuracy: 81.93%
-----------------------------------------------
-----------------------------------------------
EPOCH: 166
03102025-0217
Epoch 166 Loss=0.3973 Batch_id=781 Accuracy=84.01: 100%|████████████████████████████████████████████████████████████████████████████████████████████████████████████████████████| 782/782 [00:37<00:00, 20.78it/s] 
03102025-0218

Test set: Average loss: 0.5501, Accuracy: 8189/10000 (81.89%)

Validation Accuracy: 81.89% | Best Accuracy: 81.93%
-----------------------------------------------
-----------------------------------------------
EPOCH: 167
03102025-0218
Epoch 167 Loss=0.3646 Batch_id=781 Accuracy=84.30: 100%|████████████████████████████████████████████████████████████████████████████████████████████████████████████████████████| 782/782 [00:37<00:00, 20.65it/s] 
03102025-0219

Test set: Average loss: 0.5562, Accuracy: 8185/10000 (81.85%)

Validation Accuracy: 81.85% | Best Accuracy: 81.93%
-----------------------------------------------
-----------------------------------------------
EPOCH: 168
03102025-0219
Epoch 168 Loss=0.4340 Batch_id=781 Accuracy=84.35: 100%|████████████████████████████████████████████████████████████████████████████████████████████████████████████████████████| 782/782 [00:37<00:00, 20.64it/s] 
03102025-0219

Test set: Average loss: 0.5514, Accuracy: 8167/10000 (81.67%)

Validation Accuracy: 81.67% | Best Accuracy: 81.93%
-----------------------------------------------
-----------------------------------------------
EPOCH: 169
03102025-0220
Epoch 169 Loss=0.7473 Batch_id=781 Accuracy=84.69: 100%|████████████████████████████████████████████████████████████████████████████████████████████████████████████████████████| 782/782 [00:38<00:00, 20.56it/s] 
03102025-0220

Test set: Average loss: 0.5553, Accuracy: 8152/10000 (81.52%)

Validation Accuracy: 81.52% | Best Accuracy: 81.93%
-----------------------------------------------
-----------------------------------------------
EPOCH: 170
03102025-0221
Epoch 170 Loss=0.3490 Batch_id=781 Accuracy=84.70: 100%|████████████████████████████████████████████████████████████████████████████████████████████████████████████████████████| 782/782 [00:37<00:00, 20.62it/s] 
03102025-0221

Test set: Average loss: 0.5443, Accuracy: 8230/10000 (82.30%)

Validation Accuracy: 82.30% | Best Accuracy: 82.30%
-----------------------------------------------
-----------------------------------------------
EPOCH: 171
03102025-0221
Epoch 171 Loss=0.5135 Batch_id=781 Accuracy=84.74: 100%|████████████████████████████████████████████████████████████████████████████████████████████████████████████████████████| 782/782 [00:37<00:00, 20.88it/s] 
03102025-0222

Test set: Average loss: 0.5527, Accuracy: 8192/10000 (81.92%)

Validation Accuracy: 81.92% | Best Accuracy: 82.30%
-----------------------------------------------
-----------------------------------------------
EPOCH: 172
03102025-0222
Epoch 172 Loss=0.5103 Batch_id=781 Accuracy=84.57: 100%|████████████████████████████████████████████████████████████████████████████████████████████████████████████████████████| 782/782 [00:37<00:00, 21.11it/s] 
03102025-0223

Test set: Average loss: 0.5431, Accuracy: 8238/10000 (82.38%)

Validation Accuracy: 82.38% | Best Accuracy: 82.38%
-----------------------------------------------
-----------------------------------------------
EPOCH: 173
03102025-0223
Epoch 173 Loss=0.3994 Batch_id=781 Accuracy=85.08: 100%|████████████████████████████████████████████████████████████████████████████████████████████████████████████████████████| 782/782 [00:38<00:00, 20.52it/s] 
03102025-0224

Test set: Average loss: 0.5417, Accuracy: 8224/10000 (82.24%)

Validation Accuracy: 82.24% | Best Accuracy: 82.38%
-----------------------------------------------
-----------------------------------------------
EPOCH: 174
03102025-0224
Epoch 174 Loss=0.7507 Batch_id=781 Accuracy=85.12: 100%|████████████████████████████████████████████████████████████████████████████████████████████████████████████████████████| 782/782 [00:37<00:00, 20.92it/s] 
03102025-0225

Test set: Average loss: 0.5458, Accuracy: 8236/10000 (82.36%)

Validation Accuracy: 82.36% | Best Accuracy: 82.38%
-----------------------------------------------
-----------------------------------------------
EPOCH: 175
03102025-0225
Epoch 175 Loss=0.5601 Batch_id=781 Accuracy=85.58: 100%|████████████████████████████████████████████████████████████████████████████████████████████████████████████████████████| 782/782 [00:38<00:00, 20.57it/s] 
03102025-0226

Test set: Average loss: 0.5416, Accuracy: 8274/10000 (82.74%)

Validation Accuracy: 82.74% | Best Accuracy: 82.74%
-----------------------------------------------
-----------------------------------------------
EPOCH: 176
03102025-0226
Epoch 176 Loss=0.7073 Batch_id=781 Accuracy=85.69: 100%|████████████████████████████████████████████████████████████████████████████████████████████████████████████████████████| 782/782 [00:38<00:00, 20.50it/s] 
03102025-0226

Test set: Average loss: 0.5510, Accuracy: 8232/10000 (82.32%)

Validation Accuracy: 82.32% | Best Accuracy: 82.74%
-----------------------------------------------
-----------------------------------------------
EPOCH: 177
03102025-0227
Epoch 177 Loss=0.5331 Batch_id=781 Accuracy=85.52: 100%|████████████████████████████████████████████████████████████████████████████████████████████████████████████████████████| 782/782 [00:37<00:00, 20.85it/s] 
03102025-0227

Test set: Average loss: 0.5424, Accuracy: 8221/10000 (82.21%)

Validation Accuracy: 82.21% | Best Accuracy: 82.74%
-----------------------------------------------
-----------------------------------------------
EPOCH: 178
03102025-0228
Epoch 178 Loss=0.6277 Batch_id=781 Accuracy=85.81: 100%|████████████████████████████████████████████████████████████████████████████████████████████████████████████████████████| 782/782 [00:37<00:00, 20.71it/s] 
03102025-0228

Test set: Average loss: 0.5423, Accuracy: 8227/10000 (82.27%)

Validation Accuracy: 82.27% | Best Accuracy: 82.74%
-----------------------------------------------
-----------------------------------------------
EPOCH: 179
03102025-0228
Epoch 179 Loss=0.2198 Batch_id=781 Accuracy=85.82: 100%|████████████████████████████████████████████████████████████████████████████████████████████████████████████████████████| 782/782 [00:37<00:00, 20.92it/s] 
03102025-0229

Test set: Average loss: 0.5356, Accuracy: 8250/10000 (82.50%)

Validation Accuracy: 82.50% | Best Accuracy: 82.74%
-----------------------------------------------
-----------------------------------------------
EPOCH: 180
03102025-0229
Epoch 180 Loss=0.8647 Batch_id=781 Accuracy=86.09: 100%|████████████████████████████████████████████████████████████████████████████████████████████████████████████████████████| 782/782 [00:37<00:00, 21.02it/s] 
03102025-0230

Test set: Average loss: 0.5291, Accuracy: 8263/10000 (82.63%)

Validation Accuracy: 82.63% | Best Accuracy: 82.74%
-----------------------------------------------
-----------------------------------------------
EPOCH: 181
03102025-0230
Epoch 181 Loss=0.5467 Batch_id=781 Accuracy=86.01: 100%|████████████████████████████████████████████████████████████████████████████████████████████████████████████████████████| 782/782 [00:37<00:00, 20.97it/s] 
03102025-0231

Test set: Average loss: 0.5335, Accuracy: 8266/10000 (82.66%)

Validation Accuracy: 82.66% | Best Accuracy: 82.74%
-----------------------------------------------
-----------------------------------------------
EPOCH: 182
03102025-0231
Epoch 182 Loss=0.6724 Batch_id=781 Accuracy=86.47: 100%|████████████████████████████████████████████████████████████████████████████████████████████████████████████████████████| 782/782 [00:37<00:00, 20.77it/s] 
03102025-0232

Test set: Average loss: 0.5322, Accuracy: 8264/10000 (82.64%)

Validation Accuracy: 82.64% | Best Accuracy: 82.74%
-----------------------------------------------
-----------------------------------------------
EPOCH: 183
03102025-0232
Epoch 183 Loss=0.2300 Batch_id=781 Accuracy=86.47: 100%|████████████████████████████████████████████████████████████████████████████████████████████████████████████████████████| 782/782 [00:37<00:00, 21.07it/s] 
03102025-0232

Test set: Average loss: 0.5312, Accuracy: 8283/10000 (82.83%)

Validation Accuracy: 82.83% | Best Accuracy: 82.83%
-----------------------------------------------
-----------------------------------------------
EPOCH: 184
03102025-0233
Epoch 184 Loss=0.6750 Batch_id=781 Accuracy=86.61: 100%|████████████████████████████████████████████████████████████████████████████████████████████████████████████████████████| 782/782 [00:37<00:00, 20.87it/s] 
03102025-0233

Test set: Average loss: 0.5295, Accuracy: 8277/10000 (82.77%)

Validation Accuracy: 82.77% | Best Accuracy: 82.83%
-----------------------------------------------
-----------------------------------------------
EPOCH: 185
03102025-0234
Epoch 185 Loss=0.5876 Batch_id=781 Accuracy=86.64: 100%|████████████████████████████████████████████████████████████████████████████████████████████████████████████████████████| 782/782 [00:37<00:00, 20.77it/s] 
03102025-0234

Test set: Average loss: 0.5278, Accuracy: 8296/10000 (82.96%)

Validation Accuracy: 82.96% | Best Accuracy: 82.96%
-----------------------------------------------
-----------------------------------------------
EPOCH: 186
03102025-0234
Epoch 186 Loss=0.4741 Batch_id=781 Accuracy=86.77: 100%|████████████████████████████████████████████████████████████████████████████████████████████████████████████████████████| 782/782 [00:38<00:00, 20.50it/s] 
03102025-0235

Test set: Average loss: 0.5264, Accuracy: 8286/10000 (82.86%)

Validation Accuracy: 82.86% | Best Accuracy: 82.96%
-----------------------------------------------
-----------------------------------------------
EPOCH: 187
03102025-0235
Epoch 187 Loss=0.3653 Batch_id=781 Accuracy=86.74: 100%|████████████████████████████████████████████████████████████████████████████████████████████████████████████████████████| 782/782 [00:37<00:00, 20.63it/s] 
03102025-0236

Test set: Average loss: 0.5353, Accuracy: 8259/10000 (82.59%)

Validation Accuracy: 82.59% | Best Accuracy: 82.96%
-----------------------------------------------
-----------------------------------------------
EPOCH: 188
03102025-0236
Epoch 188 Loss=0.6804 Batch_id=781 Accuracy=87.23: 100%|████████████████████████████████████████████████████████████████████████████████████████████████████████████████████████| 782/782 [00:37<00:00, 20.83it/s] 
03102025-0237

Test set: Average loss: 0.5272, Accuracy: 8298/10000 (82.98%)

Validation Accuracy: 82.98% | Best Accuracy: 82.98%
-----------------------------------------------
-----------------------------------------------
EPOCH: 189
03102025-0237
Epoch 189 Loss=0.2673 Batch_id=781 Accuracy=86.93: 100%|████████████████████████████████████████████████████████████████████████████████████████████████████████████████████████| 782/782 [00:37<00:00, 20.85it/s] 
03102025-0238

Test set: Average loss: 0.5315, Accuracy: 8293/10000 (82.93%)

Validation Accuracy: 82.93% | Best Accuracy: 82.98%
-----------------------------------------------
-----------------------------------------------
EPOCH: 190
03102025-0238
Epoch 190 Loss=0.3068 Batch_id=781 Accuracy=87.15: 100%|████████████████████████████████████████████████████████████████████████████████████████████████████████████████████████| 782/782 [00:37<00:00, 20.80it/s] 
03102025-0239

Test set: Average loss: 0.5277, Accuracy: 8290/10000 (82.90%)

Validation Accuracy: 82.90% | Best Accuracy: 82.98%
-----------------------------------------------
-----------------------------------------------
EPOCH: 191
03102025-0239
Epoch 191 Loss=0.3994 Batch_id=781 Accuracy=87.51: 100%|████████████████████████████████████████████████████████████████████████████████████████████████████████████████████████| 782/782 [00:37<00:00, 21.11it/s] 
03102025-0239

Test set: Average loss: 0.5239, Accuracy: 8302/10000 (83.02%)

Validation Accuracy: 83.02% | Best Accuracy: 83.02%
-----------------------------------------------
-----------------------------------------------
EPOCH: 192
03102025-0240
Epoch 192 Loss=0.2612 Batch_id=781 Accuracy=87.35: 100%|████████████████████████████████████████████████████████████████████████████████████████████████████████████████████████| 782/782 [00:37<00:00, 20.69it/s] 
03102025-0240

Test set: Average loss: 0.5232, Accuracy: 8300/10000 (83.00%)

Validation Accuracy: 83.00% | Best Accuracy: 83.02%
-----------------------------------------------
-----------------------------------------------
EPOCH: 193
03102025-0241
Epoch 193 Loss=0.3629 Batch_id=781 Accuracy=87.42: 100%|████████████████████████████████████████████████████████████████████████████████████████████████████████████████████████| 782/782 [00:37<00:00, 20.72it/s] 
03102025-0241

Test set: Average loss: 0.5253, Accuracy: 8306/10000 (83.06%)

Validation Accuracy: 83.06% | Best Accuracy: 83.06%
-----------------------------------------------
-----------------------------------------------
EPOCH: 194
03102025-0241
Epoch 194 Loss=0.3414 Batch_id=781 Accuracy=87.41: 100%|████████████████████████████████████████████████████████████████████████████████████████████████████████████████████████| 782/782 [00:37<00:00, 20.99it/s] 
03102025-0242

Test set: Average loss: 0.5228, Accuracy: 8323/10000 (83.23%)

Validation Accuracy: 83.23% | Best Accuracy: 83.23%
-----------------------------------------------
-----------------------------------------------
EPOCH: 195
03102025-0242
Epoch 195 Loss=0.5143 Batch_id=781 Accuracy=87.58: 100%|████████████████████████████████████████████████████████████████████████████████████████████████████████████████████████| 782/782 [00:37<00:00, 20.85it/s] 
03102025-0243

Test set: Average loss: 0.5223, Accuracy: 8305/10000 (83.05%)

Validation Accuracy: 83.05% | Best Accuracy: 83.23%
-----------------------------------------------
-----------------------------------------------
EPOCH: 196
03102025-0243
Epoch 196 Loss=0.5565 Batch_id=781 Accuracy=87.39: 100%|████████████████████████████████████████████████████████████████████████████████████████████████████████████████████████| 782/782 [00:37<00:00, 20.62it/s] 
03102025-0244

Test set: Average loss: 0.5226, Accuracy: 8307/10000 (83.07%)

Validation Accuracy: 83.07% | Best Accuracy: 83.23%
-----------------------------------------------
-----------------------------------------------
EPOCH: 197
03102025-0244
Epoch 197 Loss=0.1515 Batch_id=781 Accuracy=87.42: 100%|████████████████████████████████████████████████████████████████████████████████████████████████████████████████████████| 782/782 [00:37<00:00, 20.91it/s] 
03102025-0245

Test set: Average loss: 0.5215, Accuracy: 8304/10000 (83.04%)

Validation Accuracy: 83.04% | Best Accuracy: 83.23%
-----------------------------------------------
-----------------------------------------------
EPOCH: 198
03102025-0245
Epoch 198 Loss=0.2739 Batch_id=781 Accuracy=87.55: 100%|████████████████████████████████████████████████████████████████████████████████████████████████████████████████████████| 782/782 [00:37<00:00, 20.96it/s] 
03102025-0245

Test set: Average loss: 0.5203, Accuracy: 8314/10000 (83.14%)

Validation Accuracy: 83.14% | Best Accuracy: 83.23%
-----------------------------------------------
-----------------------------------------------
EPOCH: 199
03102025-0246
Epoch 199 Loss=0.4748 Batch_id=781 Accuracy=87.72: 100%|████████████████████████████████████████████████████████████████████████████████████████████████████████████████████████| 782/782 [00:37<00:00, 20.68it/s] 
03102025-0246

Test set: Average loss: 0.5211, Accuracy: 8295/10000 (82.95%)

Validation Accuracy: 82.95% | Best Accuracy: 83.23%
-----------------------------------------------
-----------------------------------------------
EPOCH: 200
03102025-0247
Epoch 200 Loss=0.5449 Batch_id=781 Accuracy=87.54: 100%|████████████████████████████████████████████████████████████████████████████████████████████████████████████████████████| 782/782 [00:37<00:00, 20.69it/s] 
03102025-0247

Test set: Average loss: 0.5213, Accuracy: 8312/10000 (83.12%)

Validation Accuracy: 83.12% | Best Accuracy: 83.23%
-----------------------------------------------
Max epochs 200 reached. Best Accuracy = 83.23%
Plot saved as training_results-03102025-0247.png
(.venv) PS C:\Raghu\MyLearnings\ERA_V4\S7-27092025\cifar10_image_classication> 